*** Start node ***
1380892133.26:
    [MEMBERS]: [node0]
 1380892138.27:
    [MEMBERS]: [node0]
 1380892143.27:
    [MEMBERS]: [node0]
 1380892146.99:
    [EVENT JOIN]: node1
    [MEMBERS]: [node0, node1]
 1380892148.66:
    [MEMBERS]: [node0, node1]
 1380892154.03:
    [MEMBERS]: [node0, node1]
 1380892159.43:
    [MEMBERS]: [node0, node1]
 1380892164.93:
    [MEMBERS]: [node0, node1]
 1380892170.31:
    [MEMBERS]: [node0, node1]
 1380892175.69:
    [MEMBERS]: [node0, node1]
 1380892181.05:
    [MEMBERS]: [node0, node1]
 1380892186.41:
    [MEMBERS]: [node0, node1]
 1380892191.8:
    [MEMBERS]: [node0, node1]
 1380892197.28:
    [MEMBERS]: [node0, node1]
 1380892202.67:
    [MEMBERS]: [node0, node1]
 1380892208.06:
    [MEMBERS]: [node0, node1]
 1380892213.45:
    [MEMBERS]: [node0, node1]
 1380892218.83:
    [MEMBERS]: [node0, node1]
 1380892224.21:
    [MEMBERS]: [node0, node1]
 1380892229.71:
    [MEMBERS]: [node0, node1]
 1380892235.1:
    [MEMBERS]: [node0, node1]
 1380892240.5:
    [MEMBERS]: [node0, node1]
 1380892245.85:
    [MEMBERS]: [node0, node1]
 1380892251.21:
    [MEMBERS]: [node0, node1]
 1380892256.58:
    [MEMBERS]: [node0, node1]
 1380892262.11:
    [MEMBERS]: [node0, node1]
 1380892267.52:
    [MEMBERS]: [node0, node1]
 1380892272.89:
    [MEMBERS]: [node0, node1]
 1380892278.29:
    [MEMBERS]: [node0, node1]
 1380892283.66:
    [MEMBERS]: [node0, node1]
 1380892289.05:
    [MEMBERS]: [node0, node1]
 1380892294.59:
    [MEMBERS]: [node0, node1]
 1380892299.98:
    [MEMBERS]: [node0, node1]
 1380892305.34:
    [MEMBERS]: [node0, node1]
 1380892310.74:
    [MEMBERS]: [node0, node1]
 1380892316.13:
    [MEMBERS]: [node0, node1]
 1380892321.5:
    [MEMBERS]: [node0, node1]
 1380892327.03:
    [MEMBERS]: [node0, node1]
 1380892332.41:
    [MEMBERS]: [node0, node1]
 1380892337.77:
    [MEMBERS]: [node0, node1]
 1380892343.15:
    [MEMBERS]: [node0, node1]
 1380892348.53:
    [MEMBERS]: [node0, node1]
 1380892353.91:
    [MEMBERS]: [node0, node1]
 1380892359.43:
    [MEMBERS]: [node0, node1]
 1380892364.79:
    [MEMBERS]: [node0, node1]
 1380892370.17:
    [MEMBERS]: [node0, node1]
 1380892375.58:
    [MEMBERS]: [node0, node1]
 1380892380.94:
    [MEMBERS]: [node0, node1]
 1380892386.3:
    [MEMBERS]: [node0, node1]
 1380892391.77:
    [MEMBERS]: [node0, node1]
 1380892397.13:
    [MEMBERS]: [node0, node1]
 1380892402.5:
    [MEMBERS]: [node0, node1]
 1380892407.85:
    [MEMBERS]: [node0, node1]
 1380892413.22:
    [MEMBERS]: [node0, node1]
 1380892418.59:
    [MEMBERS]: [node0, node1]
 1380892424.08:
    [MEMBERS]: [node0, node1]
 1380892429.47:
    [MEMBERS]: [node0, node1]
 1380892434.84:
    [MEMBERS]: [node0, node1]
 1380892440.22:
    [MEMBERS]: [node0, node1]
 1380892445.59:
    [MEMBERS]: [node0, node1]
 1380892451.02:
    [MEMBERS]: [node0, node1]
 1380892456.52:
    [MEMBERS]: [node0, node1]
 1380892461.91:
    [MEMBERS]: [node0, node1]
 1380892467.3:
    [MEMBERS]: [node0, node1]
 1380892472.67:
    [MEMBERS]: [node0, node1]
 1380892478.03:
    [MEMBERS]: [node0, node1]
 1380892483.42:
    [MEMBERS]: [node0, node1]
 1380892488.95:
    [MEMBERS]: [node0, node1]
 1380892494.3:
    [MEMBERS]: [node0, node1]
 1380892499.7:
    [MEMBERS]: [node0, node1]
 1380892505.08:
    [MEMBERS]: [node0, node1]
 1380892510.45:
    [MEMBERS]: [node0, node1]
 1380892515.83:
    [MEMBERS]: [node0, node1]
 1380892521.32:
    [MEMBERS]: [node0, node1]
 1380892526.67:
    [MEMBERS]: [node0, node1]
 1380892532.05:
    [MEMBERS]: [node0, node1]
 1380892537.41:
    [MEMBERS]: [node0, node1]
 1380892542.81:
    [MEMBERS]: [node0, node1]
 1380892548.18:
    [MEMBERS]: [node0, node1]
 1380892553.7:
    [MEMBERS]: [node0, node1]
 1380892559.11:
    [MEMBERS]: [node0, node1]
 1380892564.5:
    [MEMBERS]: [node0, node1]
 1380892569.87:
    [MEMBERS]: [node0, node1]
 1380892575.24:
    [MEMBERS]: [node0, node1]
 1380892580.62:
    [MEMBERS]: [node0, node1]
 1380892586.14:
    [MEMBERS]: [node0, node1]
 1380892591.5:
    [MEMBERS]: [node0, node1]
 1380892596.9:
    [MEMBERS]: [node0, node1]
 1380892603.02:
    [MEMBERS]: [node0, node1]
 1380892608.41:
    [MEMBERS]: [node0, node1]
 1380892613.82:
    [MEMBERS]: [node0, node1]
 1380892619.36:
    [MEMBERS]: [node0, node1]
 1380892624.72:
    [MEMBERS]: [node0, node1]
 1380892630.07:
    [MEMBERS]: [node0, node1]
 1380892635.47:
    [MEMBERS]: [node0, node1]
 1380892640.86:
    [MEMBERS]: [node0, node1]
 1380892646.22:
    [MEMBERS]: [node0, node1]
 1380892651.72:
    [MEMBERS]: [node0, node1]
 1380892657.12:
    [MEMBERS]: [node0, node1]
 1380892662.53:
    [MEMBERS]: [node0, node1]
 1380892667.92:
    [MEMBERS]: [node0, node1]
 1380892673.31:
    [MEMBERS]: [node0, node1]
 1380892678.7:
    [MEMBERS]: [node0, node1]
 1380892684.24:
    [MEMBERS]: [node0, node1]
 1380892689.65:
    [MEMBERS]: [node0, node1]
 1380892695.02:
    [MEMBERS]: [node0, node1]
 1380892700.41:
    [MEMBERS]: [node0, node1]
 1380892705.82:
    [MEMBERS]: [node0, node1]
 1380892711.19:
    [MEMBERS]: [node0, node1]
 1380892716.68:
    [MEMBERS]: [node0, node1]
 1380892722.06:
    [MEMBERS]: [node0, node1]
 1380892727.46:
    [MEMBERS]: [node0, node1]
 1380892732.84:
    [MEMBERS]: [node0, node1]
 1380892738.23:
    [MEMBERS]: [node0, node1]
 1380892743.62:
    [MEMBERS]: [node0, node1]
 1380892749.15:
    [MEMBERS]: [node0, node1]
 1380892754.53:
    [MEMBERS]: [node0, node1]
 1380892759.89:
    [MEMBERS]: [node0, node1]
 1380892765.26:
    [MEMBERS]: [node0, node1]
 1380892770.61:
    [MEMBERS]: [node0, node1]
 1380892776.01:
    [MEMBERS]: [node0, node1]
 1380892781.48:
    [MEMBERS]: [node0, node1]
 1380892786.84:
    [MEMBERS]: [node0, node1]
 1380892792.22:
    [MEMBERS]: [node0, node1]
 1380892797.6:
    [MEMBERS]: [node0, node1]
 1380892802.98:
    [MEMBERS]: [node0, node1]
 1380892808.36:
    [MEMBERS]: [node0, node1]
 1380892813.86:
    [MEMBERS]: [node0, node1]
 1380892819.22:
    [MEMBERS]: [node0, node1]
 1380892824.61:
    [MEMBERS]: [node0, node1]
 1380892830.0:
    [MEMBERS]: [node0, node1]
 1380892835.37:
    [MEMBERS]: [node0, node1]
 1380892840.78:
    [MEMBERS]: [node0, node1]
 1380892846.25:
    [MEMBERS]: [node0, node1]
 1380892851.67:
    [MEMBERS]: [node0, node1]
 1380892857.03:
    [MEMBERS]: [node0, node1]
 1380892862.39:
    [MEMBERS]: [node0, node1]
 1380892867.76:
    [MEMBERS]: [node0, node1]
 1380892873.14:
    [MEMBERS]: [node0, node1]
 1380892878.65:
    [MEMBERS]: [node0, node1]
 1380892884.0:
    [MEMBERS]: [node0, node1]
 1380892889.37:
    [MEMBERS]: [node0, node1]
 1380892894.74:
    [MEMBERS]: [node0, node1]
 1380892900.1:
    [MEMBERS]: [node0, node1]
 1380892905.47:
    [MEMBERS]: [node0, node1]
 1380892910.95:
    [MEMBERS]: [node0, node1]
 1380892916.37:
    [MEMBERS]: [node0, node1]
 1380892921.76:
    [MEMBERS]: [node0, node1]
 1380892927.12:
    [MEMBERS]: [node0, node1]
 1380892932.51:
    [MEMBERS]: [node0, node1]
 1380892937.93:
    [MEMBERS]: [node0, node1]
 1380892943.48:
    [MEMBERS]: [node0, node1]
 1380892948.86:
    [MEMBERS]: [node0, node1]
 1380892954.23:
    [MEMBERS]: [node0, node1]
 1380892959.63:
    [MEMBERS]: [node0, node1]
 1380892965.02:
    [MEMBERS]: [node0, node1]
 1380892970.4:
    [MEMBERS]: [node0, node1]
 1380892975.91:
    [MEMBERS]: [node0, node1]
 1380892981.33:
    [MEMBERS]: [node0, node1]
 1380892986.71:
    [MEMBERS]: [node0, node1]
 1380892992.11:
    [MEMBERS]: [node0, node1]
 1380892997.46:
    [MEMBERS]: [node0, node1]
 1380893002.82:
    [MEMBERS]: [node0, node1]
 1380893008.31:
    [MEMBERS]: [node0, node1]
 1380893013.74:
    [MEMBERS]: [node0, node1]
 1380893019.15:
    [MEMBERS]: [node0, node1]
 1380893024.52:
    [MEMBERS]: [node0, node1]
 1380893029.94:
    [MEMBERS]: [node0, node1]
 1380893035.32:
    [MEMBERS]: [node0, node1]
 1380893040.81:
    [MEMBERS]: [node0, node1]
 1380893046.2:
    [MEMBERS]: [node0, node1]
 1380893051.6:
    [MEMBERS]: [node0, node1]
 1380893056.97:
    [MEMBERS]: [node0, node1]
 1380893062.32:
    [MEMBERS]: [node0, node1]
 1380893067.7:
    [MEMBERS]: [node0, node1]
 1380893073.18:
    [MEMBERS]: [node0, node1]
 1380893078.55:
    [MEMBERS]: [node0, node1]
 1380893083.93:
    [MEMBERS]: [node0, node1]
 1380893089.31:
    [MEMBERS]: [node0, node1]
 1380893094.67:
    [MEMBERS]: [node0, node1]
 1380893100.06:
    [MEMBERS]: [node0, node1]
 1380893105.54:
    [MEMBERS]: [node0, node1]
 1380893110.91:
    [MEMBERS]: [node0, node1]
 1380893116.31:
    [MEMBERS]: [node0, node1]
 1380893121.7:
    [MEMBERS]: [node0, node1]
 1380893127.1:
    [MEMBERS]: [node0, node1]
 1380893132.48:
    [MEMBERS]: [node0, node1]
 1380893137.97:
    [MEMBERS]: [node0, node1]
 1380893143.38:
    [MEMBERS]: [node0, node1]
 1380893148.77:
    [MEMBERS]: [node0, node1]
 1380893154.18:
    [MEMBERS]: [node0, node1]
 1380893159.56:
    [MEMBERS]: [node0, node1]
 1380893164.93:
    [MEMBERS]: [node0, node1]
 1380893170.47:
    [MEMBERS]: [node0, node1]
 1380893175.85:
    [MEMBERS]: [node0, node1]
 1380893181.21:
    [MEMBERS]: [node0, node1]
 1380893186.56:
    [MEMBERS]: [node0, node1]
 1380893191.94:
    [MEMBERS]: [node0, node1]
 1380893197.35:
    [MEMBERS]: [node0, node1]
 1380893202.88:
    [MEMBERS]: [node0, node1]
 1380893208.29:
    [MEMBERS]: [node0, node1]
 1380893213.65:
    [MEMBERS]: [node0, node1]
 1380893219.24:
    [MEMBERS]: [node0, node1]
 1380893224.62:
    [MEMBERS]: [node0, node1]
 1380893230.02:
    [MEMBERS]: [node0, node1]
 1380893235.53:
    [MEMBERS]: [node0, node1]
 1380893240.91:
    [MEMBERS]: [node0, node1]
 1380893246.3:
    [MEMBERS]: [node0, node1]
 1380893251.66:
    [MEMBERS]: [node0, node1]
 1380893257.03:
    [MEMBERS]: [node0, node1]
 1380893262.41:
    [MEMBERS]: [node0, node1]
 1380893267.91:
    [MEMBERS]: [node0, node1]
 1380893273.31:
    [MEMBERS]: [node0, node1]
 1380893278.68:
    [MEMBERS]: [node0, node1]
 1380893284.05:
    [MEMBERS]: [node0, node1]
 1380893289.43:
    [MEMBERS]: [node0, node1]
 1380893294.84:
    [MEMBERS]: [node0, node1]
 1380893300.34:
    [MEMBERS]: [node0, node1]
 1380893305.72:
    [MEMBERS]: [node0, node1]
 1380893311.12:
    [MEMBERS]: [node0, node1]
 1380893316.5:
    [MEMBERS]: [node0, node1]
 1380893321.92:
    [MEMBERS]: [node0, node1]
 1380893327.28:
    [MEMBERS]: [node0, node1]
 1380893332.79:
    [MEMBERS]: [node0, node1]
 1380893338.16:
    [MEMBERS]: [node0, node1]
 1380893343.53:
    [MEMBERS]: [node0, node1]
 1380893348.92:
    [MEMBERS]: [node0, node1]
 1380893354.36:
    [MEMBERS]: [node0, node1]
 1380893359.76:
    [MEMBERS]: [node0, node1]
 1380893365.28:
    [MEMBERS]: [node0, node1]
 1380893370.68:
    [MEMBERS]: [node0, node1]
 1380893376.04:
    [MEMBERS]: [node0, node1]
 1380893381.45:
    [MEMBERS]: [node0, node1]
 1380893386.85:
    [MEMBERS]: [node0, node1]
 1380893392.27:
    [MEMBERS]: [node0, node1]
 1380893397.76:
    [MEMBERS]: [node0, node1]
 1380893403.14:
    [MEMBERS]: [node0, node1]
 1380893408.51:
    [MEMBERS]: [node0, node1]
 1380893413.88:
    [MEMBERS]: [node0, node1]
 1380893419.25:
    [MEMBERS]: [node0, node1]
 1380893424.63:
    [MEMBERS]: [node0, node1]
 1380893430.14:
    [MEMBERS]: [node0, node1]
 1380893435.54:
    [MEMBERS]: [node0, node1]
 1380893440.95:
    [MEMBERS]: [node0, node1]
 1380893446.34:
    [MEMBERS]: [node0, node1]
 1380893451.75:
    [MEMBERS]: [node0, node1]
 1380893457.14:
    [MEMBERS]: [node0, node1]
 1380893462.64:
    [MEMBERS]: [node0, node1]
 1380893468.02:
    [MEMBERS]: [node0, node1]
 1380893473.4:
    [MEMBERS]: [node0, node1]
 1380893478.77:
    [MEMBERS]: [node0, node1]
 1380893484.16:
    [MEMBERS]: [node0, node1]
 1380893489.56:
    [MEMBERS]: [node0, node1]
 1380893495.06:
    [MEMBERS]: [node0, node1]
 1380893500.46:
    [MEMBERS]: [node0, node1]
 1380893505.82:
    [MEMBERS]: [node0, node1]
 1380893511.18:
    [MEMBERS]: [node0, node1]
 1380893516.57:
    [MEMBERS]: [node0, node1]
 1380893521.94:
    [MEMBERS]: [node0, node1]
 1380893527.43:
    [MEMBERS]: [node0, node1]
 1380893532.84:
    [MEMBERS]: [node0, node1]
 1380893538.21:
    [MEMBERS]: [node0, node1]
 1380893543.62:
    [MEMBERS]: [node0, node1]
 1380893549.01:
    [MEMBERS]: [node0, node1]
 1380893554.42:
    [MEMBERS]: [node0, node1]
 1380893559.95:
    [MEMBERS]: [node0, node1]
 1380893565.35:
    [MEMBERS]: [node0, node1]
 1380893570.73:
    [MEMBERS]: [node0, node1]
 1380893576.11:
    [MEMBERS]: [node0, node1]
 1380893581.49:
    [MEMBERS]: [node0, node1]
 1380893586.85:
    [MEMBERS]: [node0, node1]
 1380893592.38:
    [MEMBERS]: [node0, node1]
 1380893597.76:
    [MEMBERS]: [node0, node1]
 1380893603.13:
    [MEMBERS]: [node0, node1]
 1380893608.53:
    [MEMBERS]: [node0, node1]
 1380893613.91:
    [MEMBERS]: [node0, node1]
 1380893619.27:
    [MEMBERS]: [node0, node1]
 1380893624.78:
    [MEMBERS]: [node0, node1]
 1380893630.14:
    [MEMBERS]: [node0, node1]
 1380893635.51:
    [MEMBERS]: [node0, node1]
 1380893640.87:
    [MEMBERS]: [node0, node1]
 1380893646.27:
    [MEMBERS]: [node0, node1]
 1380893651.67:
    [MEMBERS]: [node0, node1]
 1380893657.16:
    [MEMBERS]: [node0, node1]
 1380893662.55:
    [MEMBERS]: [node0, node1]
 1380893667.91:
    [MEMBERS]: [node0, node1]
 1380893673.32:
    [MEMBERS]: [node0, node1]
 1380893678.69:
    [MEMBERS]: [node0, node1]
 1380893684.05:
    [MEMBERS]: [node0, node1]
 1380893689.58:
    [MEMBERS]: [node0, node1]
 1380893694.96:
    [MEMBERS]: [node0, node1]
 1380893700.32:
    [MEMBERS]: [node0, node1]
 1380893705.76:
    [MEMBERS]: [node0, node1]
 1380893711.15:
    [MEMBERS]: [node0, node1]
 1380893716.51:
    [MEMBERS]: [node0, node1]
 1380893722.0:
    [MEMBERS]: [node0, node1]
 1380893727.42:
    [MEMBERS]: [node0, node1]
 1380893732.78:
    [MEMBERS]: [node0, node1]
 1380893738.17:
    [MEMBERS]: [node0, node1]
 1380893743.54:
    [MEMBERS]: [node0, node1]
 1380893748.92:
    [MEMBERS]: [node0, node1]
 1380893754.46:
    [MEMBERS]: [node0, node1]
 1380893759.83:
    [MEMBERS]: [node0, node1]
 1380893765.18:
    [MEMBERS]: [node0, node1]
 1380893770.54:
    [MEMBERS]: [node0, node1]
 1380893775.92:
    [MEMBERS]: [node0, node1]
 1380893781.29:
    [MEMBERS]: [node0, node1]
 1380893786.83:
    [MEMBERS]: [node0, node1]
 1380893792.2:
    [MEMBERS]: [node0, node1]
 1380893797.6:
    [MEMBERS]: [node0, node1]
 1380893802.95:
    [MEMBERS]: [node0, node1]
 1380893808.35:
    [MEMBERS]: [node0, node1]
 1380893813.73:
    [MEMBERS]: [node0, node1]
 1380893819.23:
    [MEMBERS]: [node0, node1]
 1380893824.63:
    [MEMBERS]: [node0, node1]
 1380893830.0:
    [MEMBERS]: [node0, node1]
 1380893835.37:
    [MEMBERS]: [node0, node1]
 1380893840.74:
    [MEMBERS]: [node0, node1]
 1380893846.12:
    [MEMBERS]: [node0, node1]
 1380893851.63:
    [MEMBERS]: [node0, node1]
 1380893857.01:
    [MEMBERS]: [node0, node1]
 1380893862.38:
    [MEMBERS]: [node0, node1]
 1380893867.76:
    [MEMBERS]: [node0, node1]
 1380893873.13:
    [MEMBERS]: [node0, node1]
 1380893878.49:
    [MEMBERS]: [node0, node1]
 1380893883.98:
    [MEMBERS]: [node0, node1]
 1380893889.34:
    [MEMBERS]: [node0, node1]
 1380893894.71:
    [MEMBERS]: [node0, node1]
 1380893900.08:
    [MEMBERS]: [node0, node1]
 1380893905.46:
    [MEMBERS]: [node0, node1]
 1380893910.84:
    [MEMBERS]: [node0, node1]
 1380893916.36:
    [MEMBERS]: [node0, node1]
 1380893921.74:
    [MEMBERS]: [node0, node1]
 1380893927.1:
    [MEMBERS]: [node0, node1]
 1380893932.45:
    [MEMBERS]: [node0, node1]
 1380893937.81:
    [MEMBERS]: [node0, node1]
 1380893943.17:
    [MEMBERS]: [node0, node1]
 1380893948.68:
    [MEMBERS]: [node0, node1]
 1380893954.05:
    [MEMBERS]: [node0, node1]
 1380893959.42:
    [MEMBERS]: [node0, node1]
 1380893964.8:
    [MEMBERS]: [node0, node1]
 1380893970.22:
    [MEMBERS]: [node0, node1]
 1380893975.6:
    [MEMBERS]: [node0, node1]
 1380893981.11:
    [MEMBERS]: [node0, node1]
 1380893986.5:
    [MEMBERS]: [node0, node1]
 1380893991.9:
    [MEMBERS]: [node0, node1]
 1380893997.28:
    [MEMBERS]: [node0, node1]
 1380894002.67:
    [MEMBERS]: [node0, node1]
 1380894008.08:
    [MEMBERS]: [node0, node1]
 1380894013.62:
    [MEMBERS]: [node0, node1]
 1380894019.02:
    [MEMBERS]: [node0, node1]
 1380894024.41:
    [MEMBERS]: [node0, node1]
 1380894029.81:
    [MEMBERS]: [node0, node1]
 1380894035.21:
    [MEMBERS]: [node0, node1]
 1380894040.59:
    [MEMBERS]: [node0, node1]
 1380894046.12:
    [MEMBERS]: [node0, node1]
 1380894051.51:
    [MEMBERS]: [node0, node1]
 1380894056.9:
    [MEMBERS]: [node0, node1]
 1380894062.26:
    [MEMBERS]: [node0, node1]
 1380894067.65:
    [MEMBERS]: [node0, node1]
 1380894073.01:
    [MEMBERS]: [node0, node1]
 1380894078.5:
    [MEMBERS]: [node0, node1]
 1380894083.88:
    [MEMBERS]: [node0, node1]
 1380894089.27:
    [MEMBERS]: [node0, node1]
 1380894094.67:
    [MEMBERS]: [node0, node1]
 1380894100.04:
    [MEMBERS]: [node0, node1]
 1380894105.43:
    [MEMBERS]: [node0, node1]
 1380894110.96:
    [MEMBERS]: [node0, node1]
 1380894116.32:
    [MEMBERS]: [node0, node1]
 1380894121.69:
    [MEMBERS]: [node0, node1]
 1380894127.08:
    [MEMBERS]: [node0, node1]
 1380894132.47:
    [MEMBERS]: [node0, node1]
 1380894137.83:
    [MEMBERS]: [node0, node1]
 1380894143.35:
    [MEMBERS]: [node0, node1]
 1380894148.74:
    [MEMBERS]: [node0, node1]
 1380894154.11:
    [MEMBERS]: [node0, node1]
 1380894159.53:
    [MEMBERS]: [node0, node1]
 1380894164.92:
    [MEMBERS]: [node0, node1]
 1380894170.28:
    [MEMBERS]: [node0, node1]
 1380894175.81:
    [MEMBERS]: [node0, node1]
 1380894181.18:
    [MEMBERS]: [node0, node1]
 1380894186.56:
    [MEMBERS]: [node0, node1]
 1380894191.97:
    [MEMBERS]: [node0, node1]
 1380894197.36:
    [MEMBERS]: [node0, node1]
 1380894202.74:
    [MEMBERS]: [node0, node1]
 1380894208.25:
    [MEMBERS]: [node0, node1]
 1380894213.62:
    [MEMBERS]: [node0, node1]
 1380894219.02:
    [MEMBERS]: [node0, node1]
 1380894224.39:
    [MEMBERS]: [node0, node1]
 1380894229.77:
    [MEMBERS]: [node0, node1]
 1380894235.19:
    [MEMBERS]: [node0, node1]
 1380894240.68:
    [MEMBERS]: [node0, node1]
 1380894246.06:
    [MEMBERS]: [node0, node1]
 1380894251.42:
    [MEMBERS]: [node0, node1]
 1380894256.8:
    [MEMBERS]: [node0, node1]
 1380894262.17:
    [MEMBERS]: [node0, node1]
 1380894267.54:
    [MEMBERS]: [node0, node1]
 1380894273.04:
    [MEMBERS]: [node0, node1]
 1380894278.42:
    [MEMBERS]: [node0, node1]
 1380894283.79:
    [MEMBERS]: [node0, node1]
 1380894289.23:
    [MEMBERS]: [node0, node1]
 1380894294.61:
    [MEMBERS]: [node0, node1]
 1380894299.99:
    [MEMBERS]: [node0, node1]
 1380894305.46:
    [MEMBERS]: [node0, node1]
 1380894310.85:
    [MEMBERS]: [node0, node1]
 1380894316.23:
    [MEMBERS]: [node0, node1]
 1380894321.6:
    [MEMBERS]: [node0, node1]
 1380894326.96:
    [MEMBERS]: [node0, node1]
 1380894332.34:
    [MEMBERS]: [node0, node1]
 1380894337.82:
    [MEMBERS]: [node0, node1]
 1380894343.2:
    [MEMBERS]: [node0, node1]
 1380894348.61:
    [MEMBERS]: [node0, node1]
 1380894353.97:
    [MEMBERS]: [node0, node1]
 1380894359.38:
    [MEMBERS]: [node0, node1]
 1380894364.76:
    [MEMBERS]: [node0, node1]
 1380894370.29:
    [MEMBERS]: [node0, node1]
 1380894375.7:
    [MEMBERS]: [node0, node1]
 1380894381.07:
    [MEMBERS]: [node0, node1]
 1380894386.42:
    [MEMBERS]: [node0, node1]
 1380894391.81:
    [MEMBERS]: [node0, node1]
 1380894397.16:
    [MEMBERS]: [node0, node1]
 1380894402.66:
    [MEMBERS]: [node0, node1]
 1380894408.05:
    [MEMBERS]: [node0, node1]
 1380894413.41:
    [MEMBERS]: [node0, node1]
 1380894418.8:
    [MEMBERS]: [node0, node1]
 1380894424.19:
    [MEMBERS]: [node0, node1]
 1380894429.57:
    [MEMBERS]: [node0, node1]
 1380894435.07:
    [MEMBERS]: [node0, node1]
 1380894440.44:
    [MEMBERS]: [node0, node1]
 1380894445.82:
    [MEMBERS]: [node0, node1]
 1380894451.2:
    [MEMBERS]: [node0, node1]
 1380894456.57:
    [MEMBERS]: [node0, node1]
 1380894461.96:
    [MEMBERS]: [node0, node1]
 1380894467.47:
    [MEMBERS]: [node0, node1]
 1380894472.84:
    [MEMBERS]: [node0, node1]
 1380894478.24:
    [MEMBERS]: [node0, node1]
 1380894483.59:
    [MEMBERS]: [node0, node1]
 1380894488.99:
    [MEMBERS]: [node0, node1]
 1380894494.37:
    [MEMBERS]: [node0, node1]
 1380894499.9:
    [MEMBERS]: [node0, node1]
 1380894505.29:
    [MEMBERS]: [node0, node1]
 1380894510.67:
    [MEMBERS]: [node0, node1]
 1380894516.05:
    [MEMBERS]: [node0, node1]
 1380894521.44:
    [MEMBERS]: [node0, node1]
 1380894526.82:
    [MEMBERS]: [node0, node1]
 1380894532.36:
    [MEMBERS]: [node0, node1]
 1380894537.73:
    [MEMBERS]: [node0, node1]
 1380894543.15:
    [MEMBERS]: [node0, node1]
 1380894548.51:
    [MEMBERS]: [node0, node1]
 1380894553.91:
    [MEMBERS]: [node0, node1]
 1380894559.31:
    [MEMBERS]: [node0, node1]
 1380894564.82:
    [MEMBERS]: [node0, node1]
 1380894570.21:
    [MEMBERS]: [node0, node1]
 1380894575.6:
    [MEMBERS]: [node0, node1]
 1380894580.99:
    [MEMBERS]: [node0, node1]
 1380894586.34:
    [MEMBERS]: [node0, node1]
 1380894591.71:
    [MEMBERS]: [node0, node1]
 1380894597.21:
    [MEMBERS]: [node0, node1]
 1380894602.6:
    [MEMBERS]: [node0, node1]
 1380894607.96:
    [MEMBERS]: [node0, node1]
 1380894613.33:
    [MEMBERS]: [node0, node1]
 1380894618.72:
    [MEMBERS]: [node0, node1]
 1380894624.08:
    [MEMBERS]: [node0, node1]
 1380894629.56:
    [MEMBERS]: [node0, node1]
 1380894634.94:
    [MEMBERS]: [node0, node1]
 1380894640.34:
    [MEMBERS]: [node0, node1]
 1380894645.72:
    [MEMBERS]: [node0, node1]
 1380894651.09:
    [MEMBERS]: [node0, node1]
 1380894656.52:
    [MEMBERS]: [node0, node1]
 1380894662.09:
    [MEMBERS]: [node0, node1]
 1380894667.45:
    [MEMBERS]: [node0, node1]
 1380894672.83:
    [MEMBERS]: [node0, node1]
 1380894678.19:
    [MEMBERS]: [node0, node1]
 1380894683.59:
    [MEMBERS]: [node0, node1]
 1380894688.99:
    [MEMBERS]: [node0, node1]
 1380894694.48:
    [MEMBERS]: [node0, node1]
 1380894699.87:
    [MEMBERS]: [node0, node1]
 1380894705.24:
    [MEMBERS]: [node0, node1]
 1380894710.65:
    [MEMBERS]: [node0, node1]
 1380894716.04:
    [MEMBERS]: [node0, node1]
 1380894721.4:
    [MEMBERS]: [node0, node1]
 1380894726.9:
    [MEMBERS]: [node0, node1]
 1380894732.29:
    [MEMBERS]: [node0, node1]
 1380894737.69:
    [MEMBERS]: [node0, node1]
 1380894743.09:
    [MEMBERS]: [node0, node1]
 1380894748.49:
    [MEMBERS]: [node0, node1]
 1380894753.86:
    [MEMBERS]: [node0, node1]
 1380894759.37:
    [MEMBERS]: [node0, node1]
 1380894764.75:
    [MEMBERS]: [node0, node1]
 1380894770.15:
    [MEMBERS]: [node0, node1]
 1380894775.5:
    [MEMBERS]: [node0, node1]
 1380894780.91:
    [MEMBERS]: [node0, node1]
 1380894786.29:
    [MEMBERS]: [node0, node1]
 1380894791.79:
    [MEMBERS]: [node0, node1]
 1380894797.17:
    [MEMBERS]: [node0, node1]
 1380894802.55:
    [MEMBERS]: [node0, node1]
 1380894807.93:
    [MEMBERS]: [node0, node1]
 1380894813.32:
    [MEMBERS]: [node0, node1]
 1380894818.72:
    [MEMBERS]: [node0, node1]
 1380894824.21:
    [MEMBERS]: [node0, node1]
 1380894829.63:
    [MEMBERS]: [node0, node1]
 1380894834.99:
    [MEMBERS]: [node0, node1]
 1380894840.36:
    [MEMBERS]: [node0, node1]
 1380894845.74:
    [MEMBERS]: [node0, node1]
 1380894851.13:
    [MEMBERS]: [node0, node1]
 1380894856.63:
    [MEMBERS]: [node0, node1]
 1380894862.01:
    [MEMBERS]: [node0, node1]
 1380894867.4:
    [MEMBERS]: [node0, node1]
 1380894872.8:
    [MEMBERS]: [node0, node1]
 1380894878.2:
    [MEMBERS]: [node0, node1]
 1380894883.58:
    [MEMBERS]: [node0, node1]
 1380894889.06:
    [MEMBERS]: [node0, node1]
 1380894894.45:
    [MEMBERS]: [node0, node1]
 1380894899.88:
    [MEMBERS]: [node0, node1]
 1380894905.25:
    [MEMBERS]: [node0, node1]
 1380894910.61:
    [MEMBERS]: [node0, node1]
 1380894915.98:
    [MEMBERS]: [node0, node1]
 1380894921.46:
    [MEMBERS]: [node0, node1]
 1380894926.87:
    [MEMBERS]: [node0, node1]
 1380894932.25:
    [MEMBERS]: [node0, node1]
 1380894937.63:
    [MEMBERS]: [node0, node1]
 1380894942.99:
    [MEMBERS]: [node0, node1]
 1380894948.35:
    [MEMBERS]: [node0, node1]
 1380894953.84:
    [MEMBERS]: [node0, node1]
 1380894959.27:
    [MEMBERS]: [node0, node1]
 1380894964.64:
    [MEMBERS]: [node0, node1]
 1380894970.07:
    [MEMBERS]: [node0, node1]
 1380894975.49:
    [MEMBERS]: [node0, node1]
 1380894980.85:
    [MEMBERS]: [node0, node1]
 1380894986.39:
    [MEMBERS]: [node0, node1]
 1380894991.74:
    [MEMBERS]: [node0, node1]
 1380894997.11:
    [MEMBERS]: [node0, node1]
 1380895002.48:
    [MEMBERS]: [node0, node1]
 1380895007.84:
    [MEMBERS]: [node0, node1]
 1380895013.19:
    [MEMBERS]: [node0, node1]
 1380895018.72:
    [MEMBERS]: [node0, node1]
 1380895024.1:
    [MEMBERS]: [node0, node1]
 1380895029.48:
    [MEMBERS]: [node0, node1]
 1380895034.85:
    [MEMBERS]: [node0, node1]
 1380895040.25:
    [MEMBERS]: [node0, node1]
 1380895045.63:
    [MEMBERS]: [node0, node1]
 1380895051.16:
    [MEMBERS]: [node0, node1]
 1380895056.58:
    [MEMBERS]: [node0, node1]
 1380895061.94:
    [MEMBERS]: [node0, node1]
 1380895067.34:
    [MEMBERS]: [node0, node1]
 1380895072.71:
    [MEMBERS]: [node0, node1]
 1380895078.08:
    [MEMBERS]: [node0, node1]
 1380895088.59:
    [MEMBERS]: [node0, node1]
 1380895094.0:
    [MEMBERS]: [node0, node1]
 1380895099.35:
    [MEMBERS]: [node0, node1]
 1380895104.73:
    [MEMBERS]: [node0, node1]
 1380895110.09:
    [MEMBERS]: [node0, node1]
 1380895115.59:
    [MEMBERS]: [node0, node1]
 1380895121.0:
    [MEMBERS]: [node0, node1]
 1380895126.37:
    [MEMBERS]: [node0, node1]
 1380895131.74:
    [MEMBERS]: [node0, node1]
 1380895137.14:
    [MEMBERS]: [node0, node1]
 1380895142.52:
    [MEMBERS]: [node0, node1]
 1380895148.01:
    [MEMBERS]: [node0, node1]
 1380895153.42:
    [MEMBERS]: [node0, node1]
 1380895158.77:
    [MEMBERS]: [node0, node1]
 1380895164.15:
    [MEMBERS]: [node0, node1]
 1380895169.56:
    [MEMBERS]: [node0, node1]
 1380895174.94:
    [MEMBERS]: [node0, node1]
 1380895180.44:
    [MEMBERS]: [node0, node1]
 1380895185.85:
    [MEMBERS]: [node0, node1]
 1380895191.24:
    [MEMBERS]: [node0, node1]
 1380895196.61:
    [MEMBERS]: [node0, node1]
 1380895201.98:
    [MEMBERS]: [node0, node1]
 1380895207.35:
    [MEMBERS]: [node0, node1]
 1380895212.89:
    [MEMBERS]: [node0, node1]
 1380895218.28:
    [MEMBERS]: [node0, node1]
 1380895223.64:
    [MEMBERS]: [node0, node1]
 1380895229.03:
    [MEMBERS]: [node0, node1]
 1380895234.42:
    [MEMBERS]: [node0, node1]
 1380895239.8:
    [MEMBERS]: [node0, node1]
 1380895245.3:
    [MEMBERS]: [node0, node1]
 1380895250.65:
    [MEMBERS]: [node0, node1]
 1380895256.06:
    [MEMBERS]: [node0, node1]
 1380895261.42:
    [MEMBERS]: [node0, node1]
 1380895266.84:
    [MEMBERS]: [node0, node1]
 1380895272.22:
    [MEMBERS]: [node0, node1]
 1380895277.69:
    [MEMBERS]: [node0, node1]
 1380895283.07:
    [MEMBERS]: [node0, node1]
 1380895288.44:
    [MEMBERS]: [node0, node1]
 1380895293.82:
    [MEMBERS]: [node0, node1]
 1380895299.25:
    [MEMBERS]: [node0, node1]
 1380895304.61:
    [MEMBERS]: [node0, node1]
 1380895310.11:
    [MEMBERS]: [node0, node1]
 1380895315.46:
    [MEMBERS]: [node0, node1]
 1380895320.87:
    [MEMBERS]: [node0, node1]
 1380895326.26:
    [MEMBERS]: [node0, node1]
 1380895331.65:
    [MEMBERS]: [node0, node1]
 1380895337.06:
    [MEMBERS]: [node0, node1]
 1380895342.61:
    [MEMBERS]: [node0, node1]
 1380895347.96:
    [MEMBERS]: [node0, node1]
 1380895353.32:
    [MEMBERS]: [node0, node1]
 1380895358.68:
    [MEMBERS]: [node0, node1]
 1380895364.05:
    [MEMBERS]: [node0, node1]
 1380895369.46:
    [MEMBERS]: [node0, node1]
 1380895374.97:
    [MEMBERS]: [node0, node1]
 1380895380.33:
    [MEMBERS]: [node0, node1]
 1380895385.69:
    [MEMBERS]: [node0, node1]
 1380895391.08:
    [MEMBERS]: [node0, node1]
 1380895396.48:
    [MEMBERS]: [node0, node1]
 1380895401.85:
    [MEMBERS]: [node0, node1]
 1380895407.36:
    [MEMBERS]: [node0, node1]
 1380895412.77:
    [MEMBERS]: [node0, node1]
 1380895418.12:
    [MEMBERS]: [node0, node1]
 1380895423.49:
    [MEMBERS]: [node0, node1]
 1380895428.86:
    [MEMBERS]: [node0, node1]
 1380895434.22:
    [MEMBERS]: [node0, node1]
 1380895439.71:
    [MEMBERS]: [node0, node1]
 1380895445.1:
    [MEMBERS]: [node0, node1]
 1380895450.49:
    [MEMBERS]: [node0, node1]
 1380895455.9:
    [MEMBERS]: [node0, node1]
 1380895461.3:
    [MEMBERS]: [node0, node1]
 1380895466.68:
    [MEMBERS]: [node0, node1]
 1380895472.18:
    [MEMBERS]: [node0, node1]
 1380895477.58:
    [MEMBERS]: [node0, node1]
 1380895482.94:
    [MEMBERS]: [node0, node1]
 1380895488.31:
    [MEMBERS]: [node0, node1]
 1380895493.7:
    [MEMBERS]: [node0, node1]
 1380895499.11:
    [MEMBERS]: [node0, node1]
 1380895504.63:
    [MEMBERS]: [node0, node1]
 1380895510.03:
    [MEMBERS]: [node0, node1]
 1380895515.4:
    [MEMBERS]: [node0, node1]
 1380895520.78:
    [MEMBERS]: [node0, node1]
 1380895526.17:
    [MEMBERS]: [node0, node1]
 1380895531.53:
    [MEMBERS]: [node0, node1]
 1380895537.02:
    [MEMBERS]: [node0, node1]
 1380895542.38:
    [MEMBERS]: [node0, node1]
 1380895547.78:
    [MEMBERS]: [node0, node1]
 1380895553.14:
    [MEMBERS]: [node0, node1]
 1380895558.55:
    [MEMBERS]: [node0, node1]
 1380895563.92:
    [MEMBERS]: [node0, node1]
 1380895569.45:
    [MEMBERS]: [node0, node1]
 1380895574.86:
    [MEMBERS]: [node0, node1]
 1380895580.21:
    [MEMBERS]: [node0, node1]
 1380895585.58:
    [MEMBERS]: [node0, node1]
 1380895590.96:
    [MEMBERS]: [node0, node1]
 1380895596.37:
    [MEMBERS]: [node0, node1]
 1380895601.87:
    [MEMBERS]: [node0, node1]
 1380895607.28:
    [MEMBERS]: [node0, node1]
 1380895612.67:
    [MEMBERS]: [node0, node1]
 1380895618.08:
    [MEMBERS]: [node0, node1]
 1380895623.45:
    [MEMBERS]: [node0, node1]
 1380895628.85:
    [MEMBERS]: [node0, node1]
 1380895634.37:
    [MEMBERS]: [node0, node1]
 1380895639.76:
    [MEMBERS]: [node0, node1]
 1380895645.14:
    [MEMBERS]: [node0, node1]
 1380895650.55:
    [MEMBERS]: [node0, node1]
 1380895655.95:
    [MEMBERS]: [node0, node1]
 1380895661.32:
    [MEMBERS]: [node0, node1]
 1380895666.8:
    [MEMBERS]: [node0, node1]
 1380895672.2:
    [MEMBERS]: [node0, node1]
 1380895677.59:
    [MEMBERS]: [node0, node1]
 1380895682.97:
    [MEMBERS]: [node0, node1]
 1380895688.37:
    [MEMBERS]: [node0, node1]
 1380895693.77:
    [MEMBERS]: [node0, node1]
 1380895699.26:
    [MEMBERS]: [node0, node1]
 1380895704.62:
    [MEMBERS]: [node0, node1]
 1380895710.0:
    [MEMBERS]: [node0, node1]
 1380895715.37:
    [MEMBERS]: [node0, node1]
 1380895720.77:
    [MEMBERS]: [node0, node1]
 1380895726.17:
    [MEMBERS]: [node0, node1]
 1380895731.67:
    [MEMBERS]: [node0, node1]
 1380895737.03:
    [MEMBERS]: [node0, node1]
 1380895742.4:
    [MEMBERS]: [node0, node1]
 1380895747.77:
    [MEMBERS]: [node0, node1]
 1380895753.19:
    [MEMBERS]: [node0, node1]
 1380895758.6:
    [MEMBERS]: [node0, node1]
 1380895764.09:
    [MEMBERS]: [node0, node1]
 1380895769.49:
    [MEMBERS]: [node0, node1]
 1380895774.86:
    [MEMBERS]: [node0, node1]
 1380895780.25:
    [MEMBERS]: [node0, node1]
 1380895785.61:
    [MEMBERS]: [node0, node1]
 1380895791.0:
    [MEMBERS]: [node0, node1]
 1380895796.48:
    [MEMBERS]: [node0, node1]
 1380895801.88:
    [MEMBERS]: [node0, node1]
 1380895807.24:
    [MEMBERS]: [node0, node1]
 1380895812.63:
    [MEMBERS]: [node0, node1]
 1380895818.01:
    [MEMBERS]: [node0, node1]
 1380895823.39:
    [MEMBERS]: [node0, node1]
 1380895828.87:
    [MEMBERS]: [node0, node1]
 1380895834.27:
    [MEMBERS]: [node0, node1]
 1380895839.66:
    [MEMBERS]: [node0, node1]
 1380895845.01:
    [MEMBERS]: [node0, node1]
 1380895850.4:
    [MEMBERS]: [node0, node1]
 1380895855.78:
    [MEMBERS]: [node0, node1]
 1380895861.31:
    [MEMBERS]: [node0, node1]
 1380895866.67:
    [MEMBERS]: [node0, node1]
 1380895872.03:
    [MEMBERS]: [node0, node1]
 1380895877.42:
    [MEMBERS]: [node0, node1]
 1380895882.79:
    [MEMBERS]: [node0, node1]
 1380895888.19:
    [MEMBERS]: [node0, node1]
 1380895893.67:
    [MEMBERS]: [node0, node1]
 1380895899.04:
    [MEMBERS]: [node0, node1]
 1380895904.42:
    [MEMBERS]: [node0, node1]
 1380895909.98:
    [MEMBERS]: [node0, node1]
 1380895915.35:
    [MEMBERS]: [node0, node1]
 1380895920.71:
    [MEMBERS]: [node0, node1]
 1380895926.23:
    [MEMBERS]: [node0, node1]
 1380895931.62:
    [MEMBERS]: [node0, node1]
 1380895936.98:
    [MEMBERS]: [node0, node1]
 1380895942.36:
    [MEMBERS]: [node0, node1]
 1380895947.74:
    [MEMBERS]: [node0, node1]
 1380895953.11:
    [MEMBERS]: [node0, node1]
 1380895958.61:
    [MEMBERS]: [node0, node1]
 1380895964.01:
    [MEMBERS]: [node0, node1]
 1380895969.42:
    [MEMBERS]: [node0, node1]
 1380895974.77:
    [MEMBERS]: [node0, node1]
 1380895980.17:
    [MEMBERS]: [node0, node1]
 1380895985.58:
    [MEMBERS]: [node0, node1]
 1380895991.08:
    [MEMBERS]: [node0, node1]
 1380895996.45:
    [MEMBERS]: [node0, node1]
 1380896001.8:
    [MEMBERS]: [node0, node1]
 