*** Start node ***
1380891486.84:
    [COORDINATOR]: node0
    [MEMBERS]: [node0, node1]
 1380891492.22:
    [COORDINATOR]: node0
    [MEMBERS]: [node0, node1]
 1380891497.61:
    [COORDINATOR]: node0
    [MEMBERS]: [node0, node1]
 1380891503.11:
    [COORDINATOR]: node0
    [MEMBERS]: [node0, node1]
 1380891508.49:
    [COORDINATOR]: node0
    [MEMBERS]: [node0, node1]
 1380891513.86:
    [COORDINATOR]: node0
    [MEMBERS]: [node0, node1]
 1380891519.23:
    [COORDINATOR]: node0
    [MEMBERS]: [node0, node1]
 1380891524.59:
    [COORDINATOR]: node0
    [MEMBERS]: [node0, node1]
 1380891529.97:
    [COORDINATOR]: node0
    [MEMBERS]: [node0, node1]
 1380891535.46:
    [COORDINATOR]: node0
    [MEMBERS]: [node0, node1]
 1380891540.85:
    [COORDINATOR]: node0
    [MEMBERS]: [node0, node1]
 1380891546.23:
    [COORDINATOR]: node0
    [MEMBERS]: [node0, node1]
 1380891551.63:
    [COORDINATOR]: node0
    [MEMBERS]: [node0, node1]
 1380891557.0:
    [COORDINATOR]: node0
    [MEMBERS]: [node0, node1]
 1380891562.38:
    [COORDINATOR]: node0
    [MEMBERS]: [node0, node1]
 1380891567.87:
    [COORDINATOR]: node0
    [MEMBERS]: [node0, node1]
 1380891573.28:
    [COORDINATOR]: node0
    [MEMBERS]: [node0, node1]
 1380891578.67:
    [COORDINATOR]: node0
    [MEMBERS]: [node0, node1]
 1380891584.03:
    [COORDINATOR]: node0
    [MEMBERS]: [node0, node1]
 1380891589.39:
    [COORDINATOR]: node0
    [MEMBERS]: [node0, node1]
 1380891594.75:
    [COORDINATOR]: node0
    [MEMBERS]: [node0, node1]
 1380891600.28:
    [COORDINATOR]: node0
    [MEMBERS]: [node0, node1]
 1380891605.67:
    [COORDINATOR]: node0
    [MEMBERS]: [node0, node1]
 1380891611.06:
    [COORDINATOR]: node0
    [MEMBERS]: [node0, node1]
 1380891616.46:
    [COORDINATOR]: node0
    [MEMBERS]: [node0, node1]
 1380891621.83:
    [COORDINATOR]: node0
    [MEMBERS]: [node0, node1]
 1380891627.22:
    [COORDINATOR]: node0
    [MEMBERS]: [node0, node1]
 1380891632.75:
    [COORDINATOR]: node0
    [MEMBERS]: [node0, node1]
 1380891638.14:
    [COORDINATOR]: node0
    [MEMBERS]: [node0, node1]
 1380891643.51:
    [COORDINATOR]: node0
    [MEMBERS]: [node0, node1]
 1380891648.9:
    [COORDINATOR]: node0
    [MEMBERS]: [node0, node1]
 1380891654.29:
    [COORDINATOR]: node0
    [MEMBERS]: [node0, node1]
 1380891659.67:
    [COORDINATOR]: node0
    [MEMBERS]: [node0, node1]
 1380891665.19:
    [COORDINATOR]: node0
    [MEMBERS]: [node0, node1]
 1380891670.56:
    [COORDINATOR]: node0
    [MEMBERS]: [node0, node1]
 1380891675.93:
    [COORDINATOR]: node0
    [MEMBERS]: [node0, node1]
 1380891681.31:
    [COORDINATOR]: node0
    [MEMBERS]: [node0, node1]
 1380891686.69:
    [COORDINATOR]: node0
    [MEMBERS]: [node0, node1]
 1380891692.07:
    [COORDINATOR]: node0
    [MEMBERS]: [node0, node1]
 1380891697.58:
    [COORDINATOR]: node0
    [MEMBERS]: [node0, node1]
 1380891702.95:
    [COORDINATOR]: node0
    [MEMBERS]: [node0, node1]
 1380891708.33:
    [COORDINATOR]: node0
    [MEMBERS]: [node0, node1]
 1380891713.72:
    [COORDINATOR]: node0
    [MEMBERS]: [node0, node1]
 1380891719.1:
    [COORDINATOR]: node0
    [MEMBERS]: [node0, node1]
 1380891724.45:
    [COORDINATOR]: node0
    [MEMBERS]: [node0, node1]
 1380891729.93:
    [COORDINATOR]: node0
    [MEMBERS]: [node0, node1]
 1380891735.28:
    [COORDINATOR]: node0
    [MEMBERS]: [node0, node1]
 1380891740.65:
    [COORDINATOR]: node0
    [MEMBERS]: [node0, node1]
 1380891746.01:
    [COORDINATOR]: node0
    [MEMBERS]: [node0, node1]
 1380891751.37:
    [COORDINATOR]: node0
    [MEMBERS]: [node0, node1]
 1380891756.74:
    [COORDINATOR]: node0
    [MEMBERS]: [node0, node1]
 1380891762.23:
    [COORDINATOR]: node0
    [MEMBERS]: [node0, node1]
 1380891767.61:
    [COORDINATOR]: node0
    [MEMBERS]: [node0, node1]
 1380891772.99:
    [COORDINATOR]: node0
    [MEMBERS]: [node0, node1]
 1380891778.37:
    [COORDINATOR]: node0
    [MEMBERS]: [node0, node1]
 1380891783.74:
    [COORDINATOR]: node0
    [MEMBERS]: [node0, node1]
 1380891789.15:
    [COORDINATOR]: node0
    [MEMBERS]: [node0, node1]
 1380891794.67:
    [COORDINATOR]: node0
    [MEMBERS]: [node0, node1]
 1380891800.05:
    [COORDINATOR]: node0
    [MEMBERS]: [node0, node1]
 1380891805.43:
    [COORDINATOR]: node0
    [MEMBERS]: [node0, node1]
 1380891810.81:
    [COORDINATOR]: node0
    [MEMBERS]: [node0, node1]
 1380891816.17:
    [COORDINATOR]: node0
    [MEMBERS]: [node0, node1]
 1380891821.55:
    [COORDINATOR]: node0
    [MEMBERS]: [node0, node1]
 1380891827.09:
    [COORDINATOR]: node0
    [MEMBERS]: [node0, node1]
 1380891832.45:
    [COORDINATOR]: node0
    [MEMBERS]: [node0, node1]
 1380891837.83:
    [COORDINATOR]: node0
    [MEMBERS]: [node0, node1]
 1380891843.22:
    [COORDINATOR]: node0
    [MEMBERS]: [node0, node1]
 1380891848.59:
    [COORDINATOR]: node0
    [MEMBERS]: [node0, node1]
 1380891853.95:
    [COORDINATOR]: node0
    [MEMBERS]: [node0, node1]
 1380891859.46:
    [COORDINATOR]: node0
    [MEMBERS]: [node0, node1]
 1380891864.81:
    [COORDINATOR]: node0
    [MEMBERS]: [node0, node1]
 1380891870.18:
    [COORDINATOR]: node0
    [MEMBERS]: [node0, node1]
 1380891875.55:
    [COORDINATOR]: node0
    [MEMBERS]: [node0, node1]
 1380891880.94:
    [COORDINATOR]: node0
    [MEMBERS]: [node0, node1]
 1380891886.31:
    [COORDINATOR]: node0
    [MEMBERS]: [node0, node1]
 1380891891.82:
    [COORDINATOR]: node0
    [MEMBERS]: [node0, node1]
 1380891897.24:
    [COORDINATOR]: node0
    [MEMBERS]: [node0, node1]
 1380891902.63:
    [COORDINATOR]: node0
    [MEMBERS]: [node0, node1]
 1380891908.0:
    [COORDINATOR]: node0
    [MEMBERS]: [node0, node1]
 1380891913.37:
    [COORDINATOR]: node0
    [MEMBERS]: [node0, node1]
 1380891918.75:
    [COORDINATOR]: node0
    [MEMBERS]: [node0, node1]
 1380891924.26:
    [COORDINATOR]: node0
    [MEMBERS]: [node0, node1]
 1380891929.63:
    [COORDINATOR]: node0
    [MEMBERS]: [node0, node1]
 1380891935.01:
    [COORDINATOR]: node0
    [MEMBERS]: [node0, node1]
 1380891946.54:
    [COORDINATOR]: node0
    [MEMBERS]: [node0, node1]
 1380891951.93:
    [COORDINATOR]: node0
    [MEMBERS]: [node0, node1]
 1380891957.47:
    [COORDINATOR]: node0
    [MEMBERS]: [node0, node1]
 1380891962.84:
    [COORDINATOR]: node0
    [MEMBERS]: [node0, node1]
 1380891968.2:
    [COORDINATOR]: node0
    [MEMBERS]: [node0, node1]
 1380891973.58:
    [COORDINATOR]: node0
    [MEMBERS]: [node0, node1]
 1380891978.98:
    [COORDINATOR]: node0
    [MEMBERS]: [node0, node1]
 1380891984.34:
    [COORDINATOR]: node0
    [MEMBERS]: [node0, node1]
 1380891989.84:
    [COORDINATOR]: node0
    [MEMBERS]: [node0, node1]
 1380891995.24:
    [COORDINATOR]: node0
    [MEMBERS]: [node0, node1]
 1380892000.64:
    [COORDINATOR]: node0
    [MEMBERS]: [node0, node1]
 1380892006.04:
    [COORDINATOR]: node0
    [MEMBERS]: [node0, node1]
 1380892011.43:
    [COORDINATOR]: node0
    [MEMBERS]: [node0, node1]
 1380892016.81:
    [COORDINATOR]: node0
    [MEMBERS]: [node0, node1]
 1380892022.35:
    [COORDINATOR]: node0
    [MEMBERS]: [node0, node1]
 1380892027.75:
    [COORDINATOR]: node0
    [MEMBERS]: [node0, node1]
 1380892033.13:
    [COORDINATOR]: node0
    [MEMBERS]: [node0, node1]
 1380892038.53:
    [COORDINATOR]: node0
    [MEMBERS]: [node0, node1]
 1380892043.93:
    [COORDINATOR]: node0
    [MEMBERS]: [node0, node1]
 1380892049.3:
    [COORDINATOR]: node0
    [MEMBERS]: [node0, node1]
 1380892054.79:
    [COORDINATOR]: node0
    [MEMBERS]: [node0, node1]
 1380892060.17:
    [COORDINATOR]: node0
    [MEMBERS]: [node0, node1]
 1380892065.57:
    [COORDINATOR]: node0
    [MEMBERS]: [node0, node1]
 1380892070.95:
    [COORDINATOR]: node0
    [MEMBERS]: [node0, node1]
 1380892076.32:
    [COORDINATOR]: node0
    [MEMBERS]: [node0, node1]
 1380892081.73:
    [COORDINATOR]: node0
    [MEMBERS]: [node0, node1]
 1380892087.26:
    [COORDINATOR]: node0
    [MEMBERS]: [node0, node1]
 1380892092.64:
    [COORDINATOR]: node0
    [MEMBERS]: [node0, node1]
 1380892097.99:
    [COORDINATOR]: node0
    [MEMBERS]: [node0, node1]
 1380892103.36:
    [COORDINATOR]: node0
    [MEMBERS]: [node0, node1]
 1380892108.72:
    [COORDINATOR]: node0
    [MEMBERS]: [node0, node1]
 1380892114.1:
    [COORDINATOR]: node0
    [MEMBERS]: [node0, node1]
 1380892119.59:
    [COORDINATOR]: node0
    [MEMBERS]: [node0, node1]
 1380892124.94:
    [COORDINATOR]: node0
    [MEMBERS]: [node0, node1]
 1380892130.31:
    [COORDINATOR]: node0
    [MEMBERS]: [node0, node1]
 1380892135.71:
    [COORDINATOR]: node0
    [MEMBERS]: [node0, node1]
 1380892141.09:
    [COORDINATOR]: node0
    [MEMBERS]: [node0, node1]
 1380892146.45:
    [COORDINATOR]: node0
    [MEMBERS]: [node0, node1]
 1380892151.96:
    [COORDINATOR]: node0
    [MEMBERS]: [node0, node1]
 1380892157.32:
    [COORDINATOR]: node0
    [MEMBERS]: [node0, node1]
 1380892162.69:
    [COORDINATOR]: node0
    [MEMBERS]: [node0, node1]
 1380892168.1:
    [COORDINATOR]: node0
    [MEMBERS]: [node0, node1]
 1380892173.47:
    [COORDINATOR]: node0
    [MEMBERS]: [node0, node1]
 1380892178.86:
    [COORDINATOR]: node0
    [MEMBERS]: [node0, node1]
 1380892184.35:
    [COORDINATOR]: node0
    [MEMBERS]: [node0, node1]
 1380892189.76:
    [COORDINATOR]: node0
    [MEMBERS]: [node0, node1]
 1380892195.12:
    [COORDINATOR]: node0
    [MEMBERS]: [node0, node1]
 1380892200.48:
    [COORDINATOR]: node0
    [MEMBERS]: [node0, node1]
 1380892205.85:
    [COORDINATOR]: node0
    [MEMBERS]: [node0, node1]
 1380892211.23:
    [COORDINATOR]: node0
    [MEMBERS]: [node0, node1]
 1380892216.74:
    [COORDINATOR]: node0
    [MEMBERS]: [node0, node1]
 1380892222.09:
    [COORDINATOR]: node0
    [MEMBERS]: [node0, node1]
 1380892227.46:
    [COORDINATOR]: node0
    [MEMBERS]: [node0, node1]
 1380892232.83:
    [COORDINATOR]: node0
    [MEMBERS]: [node0, node1]
 1380892238.19:
    [COORDINATOR]: node0
    [MEMBERS]: [node0, node1]
 1380892243.56:
    [COORDINATOR]: node0
    [MEMBERS]: [node0, node1]
 1380892249.04:
    [COORDINATOR]: node0
    [MEMBERS]: [node0, node1]
 1380892254.45:
    [COORDINATOR]: node0
    [MEMBERS]: [node0, node1]
 1380892259.83:
    [COORDINATOR]: node0
    [MEMBERS]: [node0, node1]
 1380892265.21:
    [COORDINATOR]: node0
    [MEMBERS]: [node0, node1]
 1380892270.59:
    [COORDINATOR]: node0
    [MEMBERS]: [node0, node1]
 1380892276.0:
    [COORDINATOR]: node0
    [MEMBERS]: [node0, node1]
 1380892281.55:
    [COORDINATOR]: node0
    [MEMBERS]: [node0, node1]
 1380892286.95:
    [COORDINATOR]: node0
    [MEMBERS]: [node0, node1]
 1380892292.32:
    [COORDINATOR]: node0
    [MEMBERS]: [node0, node1]
 1380892297.7:
    [COORDINATOR]: node0
    [MEMBERS]: [node0, node1]
 1380892303.1:
    [COORDINATOR]: node0
    [MEMBERS]: [node0, node1]
 1380892308.47:
    [COORDINATOR]: node0
    [MEMBERS]: [node0, node1]
 1380892313.99:
    [COORDINATOR]: node0
    [MEMBERS]: [node0, node1]
 1380892319.39:
    [COORDINATOR]: node0
    [MEMBERS]: [node0, node1]
 1380892324.79:
    [COORDINATOR]: node0
    [MEMBERS]: [node0, node1]
 1380892330.18:
    [COORDINATOR]: node0
    [MEMBERS]: [node0, node1]
 1380892335.54:
    [COORDINATOR]: node0
    [MEMBERS]: [node0, node1]
 1380892340.89:
    [COORDINATOR]: node0
    [MEMBERS]: [node0, node1]
 1380892346.38:
    [COORDINATOR]: node0
    [MEMBERS]: [node0, node1]
 1380892351.8:
    [COORDINATOR]: node0
    [MEMBERS]: [node0, node1]
 1380892357.21:
    [COORDINATOR]: node0
    [MEMBERS]: [node0, node1]
 1380892362.59:
    [COORDINATOR]: node0
    [MEMBERS]: [node0, node1]
 1380892367.99:
    [COORDINATOR]: node0
    [MEMBERS]: [node0, node1]
 1380892373.39:
    [COORDINATOR]: node0
    [MEMBERS]: [node0, node1]
 1380892378.88:
    [COORDINATOR]: node0
    [MEMBERS]: [node0, node1]
 1380892384.27:
    [COORDINATOR]: node0
    [MEMBERS]: [node0, node1]
 1380892389.65:
    [COORDINATOR]: node0
    [MEMBERS]: [node0, node1]
 1380892395.03:
    [COORDINATOR]: node0
    [MEMBERS]: [node0, node1]
 1380892400.39:
    [COORDINATOR]: node0
    [MEMBERS]: [node0, node1]
 1380892405.77:
    [COORDINATOR]: node0
    [MEMBERS]: [node0, node1]
 1380892411.25:
    [COORDINATOR]: node0
    [MEMBERS]: [node0, node1]
 1380892416.62:
    [COORDINATOR]: node0
    [MEMBERS]: [node0, node1]
 1380892421.99:
    [COORDINATOR]: node0
    [MEMBERS]: [node0, node1]
 1380892427.38:
    [COORDINATOR]: node0
    [MEMBERS]: [node0, node1]
 1380892432.73:
    [COORDINATOR]: node0
    [MEMBERS]: [node0, node1]
 1380892438.13:
    [COORDINATOR]: node0
    [MEMBERS]: [node0, node1]
 1380892443.6:
    [COORDINATOR]: node0
    [MEMBERS]: [node0, node1]
 1380892448.97:
    [COORDINATOR]: node0
    [MEMBERS]: [node0, node1]
 1380892454.37:
    [COORDINATOR]: node0
    [MEMBERS]: [node0, node1]
 1380892459.76:
    [COORDINATOR]: node0
    [MEMBERS]: [node0, node1]
 1380892465.14:
    [COORDINATOR]: node0
    [MEMBERS]: [node0, node1]
 1380892470.54:
    [COORDINATOR]: node0
    [MEMBERS]: [node0, node1]
 1380892476.03:
    [COORDINATOR]: node0
    [MEMBERS]: [node0, node1]
 1380892481.42:
    [COORDINATOR]: node0
    [MEMBERS]: [node0, node1]
 1380892486.81:
    [COORDINATOR]: node0
    [MEMBERS]: [node0, node1]
 1380892492.23:
    [COORDINATOR]: node0
    [MEMBERS]: [node0, node1]
 1380892497.62:
    [COORDINATOR]: node0
    [MEMBERS]: [node0, node1]
 1380892502.98:
    [COORDINATOR]: node0
    [MEMBERS]: [node0, node1]
 1380892508.51:
    [COORDINATOR]: node0
    [MEMBERS]: [node0, node1]
 1380892513.89:
    [COORDINATOR]: node0
    [MEMBERS]: [node0, node1]
 1380892519.26:
    [COORDINATOR]: node0
    [MEMBERS]: [node0, node1]
 1380892524.61:
    [COORDINATOR]: node0
    [MEMBERS]: [node0, node1]
 1380892529.98:
    [COORDINATOR]: node0
    [MEMBERS]: [node0, node1]
 1380892535.39:
    [COORDINATOR]: node0
    [MEMBERS]: [node0, node1]
 1380892540.92:
    [COORDINATOR]: node0
    [MEMBERS]: [node0, node1]
 1380892546.34:
    [COORDINATOR]: node0
    [MEMBERS]: [node0, node1]
 1380892551.69:
    [COORDINATOR]: node0
    [MEMBERS]: [node0, node1]
 1380892557.1:
    [COORDINATOR]: node0
    [MEMBERS]: [node0, node1]
 1380892562.67:
    [COORDINATOR]: node0
    [MEMBERS]: [node0, node1]
 1380892568.05:
    [COORDINATOR]: node0
    [MEMBERS]: [node0, node1]
 1380892573.56:
    [COORDINATOR]: node0
    [MEMBERS]: [node0, node1]
 1380892578.96:
    [COORDINATOR]: node0
    [MEMBERS]: [node0, node1]
 1380892584.35:
    [COORDINATOR]: node0
    [MEMBERS]: [node0, node1]
 1380892589.7:
    [COORDINATOR]: node0
    [MEMBERS]: [node0, node1]
 1380892595.07:
    [COORDINATOR]: node0
    [MEMBERS]: [node0, node1]
 1380892600.45:
    [COORDINATOR]: node0
    [MEMBERS]: [node0, node1]
 1380892605.95:
    [COORDINATOR]: node0
    [MEMBERS]: [node0, node1]
 1380892611.33:
    [COORDINATOR]: node0
    [MEMBERS]: [node0, node1]
 1380892616.72:
    [COORDINATOR]: node0
    [MEMBERS]: [node0, node1]
 1380892622.09:
    [COORDINATOR]: node0
    [MEMBERS]: [node0, node1]
 1380892627.47:
    [COORDINATOR]: node0
    [MEMBERS]: [node0, node1]
 1380892632.86:
    [COORDINATOR]: node0
    [MEMBERS]: [node0, node1]
 1380892638.36:
    [COORDINATOR]: node0
    [MEMBERS]: [node0, node1]
 1380892643.75:
    [COORDINATOR]: node0
    [MEMBERS]: [node0, node1]
 1380892649.15:
    [COORDINATOR]: node0
    [MEMBERS]: [node0, node1]
 1380892654.52:
    [COORDINATOR]: node0
    [MEMBERS]: [node0, node1]
 1380892659.94:
    [COORDINATOR]: node0
    [MEMBERS]: [node0, node1]
 1380892665.31:
    [COORDINATOR]: node0
    [MEMBERS]: [node0, node1]
 1380892670.81:
    [COORDINATOR]: node0
    [MEMBERS]: [node0, node1]
 1380892676.19:
    [COORDINATOR]: node0
    [MEMBERS]: [node0, node1]
 1380892681.56:
    [COORDINATOR]: node0
    [MEMBERS]: [node0, node1]
 1380892686.94:
    [COORDINATOR]: node0
    [MEMBERS]: [node0, node1]
 1380892692.37:
    [COORDINATOR]: node0
    [MEMBERS]: [node0, node1]
 1380892697.78:
    [COORDINATOR]: node0
    [MEMBERS]: [node0, node1]
 1380892703.3:
    [COORDINATOR]: node0
    [MEMBERS]: [node0, node1]
 1380892708.7:
    [COORDINATOR]: node0
    [MEMBERS]: [node0, node1]
 1380892714.07:
    [COORDINATOR]: node0
    [MEMBERS]: [node0, node1]
 1380892719.46:
    [COORDINATOR]: node0
    [MEMBERS]: [node0, node1]
 1380892724.88:
    [COORDINATOR]: node0
    [MEMBERS]: [node0, node1]
 1380892730.28:
    [COORDINATOR]: node0
    [MEMBERS]: [node0, node1]
 1380892735.78:
    [COORDINATOR]: node0
    [MEMBERS]: [node0, node1]
 1380892741.17:
    [COORDINATOR]: node0
    [MEMBERS]: [node0, node1]
 1380892746.53:
    [COORDINATOR]: node0
    [MEMBERS]: [node0, node1]
 1380892751.9:
    [COORDINATOR]: node0
    [MEMBERS]: [node0, node1]
 1380892757.27:
    [COORDINATOR]: node0
    [MEMBERS]: [node0, node1]
 1380892762.65:
    [COORDINATOR]: node0
    [MEMBERS]: [node0, node1]
 1380892768.15:
    [COORDINATOR]: node0
    [MEMBERS]: [node0, node1]
 1380892773.55:
    [COORDINATOR]: node0
    [MEMBERS]: [node0, node1]
 1380892778.96:
    [COORDINATOR]: node0
    [MEMBERS]: [node0, node1]
 1380892784.36:
    [COORDINATOR]: node0
    [MEMBERS]: [node0, node1]
 1380892789.75:
    [COORDINATOR]: node0
    [MEMBERS]: [node0, node1]
 1380892795.14:
    [COORDINATOR]: node0
    [MEMBERS]: [node0, node1]
 1380892800.65:
    [COORDINATOR]: node0
    [MEMBERS]: [node0, node1]
 1380892806.02:
    [COORDINATOR]: node0
    [MEMBERS]: [node0, node1]
 1380892811.4:
    [COORDINATOR]: node0
    [MEMBERS]: [node0, node1]
 1380892816.78:
    [COORDINATOR]: node0
    [MEMBERS]: [node0, node1]
 1380892822.16:
    [COORDINATOR]: node0
    [MEMBERS]: [node0, node1]
 1380892827.57:
    [COORDINATOR]: node0
    [MEMBERS]: [node0, node1]
 1380892833.07:
    [COORDINATOR]: node0
    [MEMBERS]: [node0, node1]
 1380892838.46:
    [COORDINATOR]: node0
    [MEMBERS]: [node0, node1]
 1380892843.83:
    [COORDINATOR]: node0
    [MEMBERS]: [node0, node1]
 1380892849.19:
    [COORDINATOR]: node0
    [MEMBERS]: [node0, node1]
 1380892854.57:
    [COORDINATOR]: node0
    [MEMBERS]: [node0, node1]
 1380892859.94:
    [COORDINATOR]: node0
    [MEMBERS]: [node0, node1]
 1380892865.43:
    [COORDINATOR]: node0
    [MEMBERS]: [node0, node1]
 1380892870.84:
    [COORDINATOR]: node0
    [MEMBERS]: [node0, node1]
 1380892876.22:
    [COORDINATOR]: node0
    [MEMBERS]: [node0, node1]
 1380892881.62:
    [COORDINATOR]: node0
    [MEMBERS]: [node0, node1]
 1380892887.0:
    [COORDINATOR]: node0
    [MEMBERS]: [node0, node1]
 1380892892.42:
    [COORDINATOR]: node0
    [MEMBERS]: [node0, node1]
 1380892897.96:
    [COORDINATOR]: node0
    [MEMBERS]: [node0, node1]
 1380892903.34:
    [COORDINATOR]: node0
    [MEMBERS]: [node0, node1]
 1380892908.73:
    [COORDINATOR]: node0
    [MEMBERS]: [node0, node1]
 1380892914.11:
    [COORDINATOR]: node0
    [MEMBERS]: [node0, node1]
 1380892919.49:
    [COORDINATOR]: node0
    [MEMBERS]: [node0, node1]
 1380892924.85:
    [COORDINATOR]: node0
    [MEMBERS]: [node0, node1]
 1380892930.36:
    [COORDINATOR]: node0
    [MEMBERS]: [node0, node1]
 1380892935.75:
    [COORDINATOR]: node0
    [MEMBERS]: [node0, node1]
 1380892941.12:
    [COORDINATOR]: node0
    [MEMBERS]: [node0, node1]
 1380892946.51:
    [COORDINATOR]: node0
    [MEMBERS]: [node0, node1]
 1380892951.89:
    [COORDINATOR]: node0
    [MEMBERS]: [node0, node1]
 1380892957.26:
    [COORDINATOR]: node0
    [MEMBERS]: [node0, node1]
 1380892962.78:
    [COORDINATOR]: node0
    [MEMBERS]: [node0, node1]
 1380892968.13:
    [COORDINATOR]: node0
    [MEMBERS]: [node0, node1]
 1380892973.5:
    [COORDINATOR]: node0
    [MEMBERS]: [node0, node1]
 1380892978.86:
    [COORDINATOR]: node0
    [MEMBERS]: [node0, node1]
 1380892984.25:
    [COORDINATOR]: node0
    [MEMBERS]: [node0, node1]
 1380892989.65:
    [COORDINATOR]: node0
    [MEMBERS]: [node0, node1]
 1380892995.15:
    [COORDINATOR]: node0
    [MEMBERS]: [node0, node1]
 1380893000.54:
    [COORDINATOR]: node0
    [MEMBERS]: [node0, node1]
 1380893005.9:
    [COORDINATOR]: node0
    [MEMBERS]: [node0, node1]
 1380893011.29:
    [COORDINATOR]: node0
    [MEMBERS]: [node0, node1]
 1380893016.67:
    [COORDINATOR]: node0
    [MEMBERS]: [node0, node1]
 1380893022.04:
    [COORDINATOR]: node0
    [MEMBERS]: [node0, node1]
 1380893027.56:
    [COORDINATOR]: node0
    [MEMBERS]: [node0, node1]
 1380893032.95:
    [COORDINATOR]: node0
    [MEMBERS]: [node0, node1]
 1380893038.31:
    [COORDINATOR]: node0
    [MEMBERS]: [node0, node1]
 1380893043.73:
    [COORDINATOR]: node0
    [MEMBERS]: [node0, node1]
 1380893049.12:
    [COORDINATOR]: node0
    [MEMBERS]: [node0, node1]
 1380893054.49:
    [COORDINATOR]: node0
    [MEMBERS]: [node0, node1]
 1380893059.98:
    [COORDINATOR]: node0
    [MEMBERS]: [node0, node1]
 1380893065.39:
    [COORDINATOR]: node0
    [MEMBERS]: [node0, node1]
 1380893070.76:
    [COORDINATOR]: node0
    [MEMBERS]: [node0, node1]
 1380893076.15:
    [COORDINATOR]: node0
    [MEMBERS]: [node0, node1]
 1380893081.52:
    [COORDINATOR]: node0
    [MEMBERS]: [node0, node1]
 1380893086.89:
    [COORDINATOR]: node0
    [MEMBERS]: [node0, node1]
 1380893092.42:
    [COORDINATOR]: node0
    [MEMBERS]: [node0, node1]
 1380893097.81:
    [COORDINATOR]: node0
    [MEMBERS]: [node0, node1]
 1380893103.16:
    [COORDINATOR]: node0
    [MEMBERS]: [node0, node1]
 1380893108.51:
    [COORDINATOR]: node0
    [MEMBERS]: [node0, node1]
 1380893113.89:
    [COORDINATOR]: node0
    [MEMBERS]: [node0, node1]
 1380893119.27:
    [COORDINATOR]: node0
    [MEMBERS]: [node0, node1]
 1380893124.79:
    [COORDINATOR]: node0
    [MEMBERS]: [node0, node1]
 1380893130.17:
    [COORDINATOR]: node0
    [MEMBERS]: [node0, node1]
 1380893135.56:
    [COORDINATOR]: node0
    [MEMBERS]: [node0, node1]
 1380893140.92:
    [COORDINATOR]: node0
    [MEMBERS]: [node0, node1]
 1380893146.32:
    [COORDINATOR]: node0
    [MEMBERS]: [node0, node1]
 1380893151.69:
    [COORDINATOR]: node0
    [MEMBERS]: [node0, node1]
 1380893157.2:
    [COORDINATOR]: node0
    [MEMBERS]: [node0, node1]
 1380893162.58:
    [COORDINATOR]: node0
    [MEMBERS]: [node0, node1]
 1380893167.96:
    [COORDINATOR]: node0
    [MEMBERS]: [node0, node1]
 1380893173.33:
    [COORDINATOR]: node0
    [MEMBERS]: [node0, node1]
 1380893178.7:
    [COORDINATOR]: node0
    [MEMBERS]: [node0, node1]
 1380893184.08:
    [COORDINATOR]: node0
    [MEMBERS]: [node0, node1]
 1380893189.59:
    [COORDINATOR]: node0
    [MEMBERS]: [node0, node1]
 1380893194.97:
    [COORDINATOR]: node0
    [MEMBERS]: [node0, node1]
 1380893200.35:
    [COORDINATOR]: node0
    [MEMBERS]: [node0, node1]
 1380893205.72:
    [COORDINATOR]: node0
    [MEMBERS]: [node0, node1]
 1380893211.09:
    [COORDINATOR]: node0
    [MEMBERS]: [node0, node1]
 1380893216.45:
    [COORDINATOR]: node0
    [MEMBERS]: [node0, node1]
 1380893221.94:
    [COORDINATOR]: node0
    [MEMBERS]: [node0, node1]
 1380893227.3:
    [COORDINATOR]: node0
    [MEMBERS]: [node0, node1]
 1380893232.67:
    [COORDINATOR]: node0
    [MEMBERS]: [node0, node1]
 1380893238.04:
    [COORDINATOR]: node0
    [MEMBERS]: [node0, node1]
 1380893243.4:
    [COORDINATOR]: node0
    [MEMBERS]: [node0, node1]
 1380893248.8:
    [COORDINATOR]: node0
    [MEMBERS]: [node0, node1]
 1380893254.32:
    [COORDINATOR]: node0
    [MEMBERS]: [node0, node1]
 1380893259.69:
    [COORDINATOR]: node0
    [MEMBERS]: [node0, node1]
 1380893265.05:
    [COORDINATOR]: node0
    [MEMBERS]: [node0, node1]
 1380893270.41:
    [COORDINATOR]: node0
    [MEMBERS]: [node0, node1]
 1380893275.76:
    [COORDINATOR]: node0
    [MEMBERS]: [node0, node1]
 1380893281.13:
    [COORDINATOR]: node0
    [MEMBERS]: [node0, node1]
 1380893286.62:
    [COORDINATOR]: node0
    [MEMBERS]: [node0, node1]
 1380893292.0:
    [COORDINATOR]: node0
    [MEMBERS]: [node0, node1]
 1380893297.37:
    [COORDINATOR]: node0
    [MEMBERS]: [node0, node1]
 1380893302.75:
    [COORDINATOR]: node0
    [MEMBERS]: [node0, node1]
 1380893308.15:
    [COORDINATOR]: node0
    [MEMBERS]: [node0, node1]
 1380893313.55:
    [COORDINATOR]: node0
    [MEMBERS]: [node0, node1]
 1380893319.06:
    [COORDINATOR]: node0
    [MEMBERS]: [node0, node1]
 1380893324.44:
    [COORDINATOR]: node0
    [MEMBERS]: [node0, node1]
 1380893329.83:
    [COORDINATOR]: node0
    [MEMBERS]: [node0, node1]
 1380893335.22:
    [COORDINATOR]: node0
    [MEMBERS]: [node0, node1]
 1380893340.6:
    [COORDINATOR]: node0
    [MEMBERS]: [node0, node1]
 1380893346.01:
    [COORDINATOR]: node0
    [MEMBERS]: [node0, node1]
 1380893351.55:
    [COORDINATOR]: node0
    [MEMBERS]: [node0, node1]
 1380893356.95:
    [COORDINATOR]: node0
    [MEMBERS]: [node0, node1]
 1380893362.36:
    [COORDINATOR]: node0
    [MEMBERS]: [node0, node1]
 1380893367.74:
    [COORDINATOR]: node0
    [MEMBERS]: [node0, node1]
 1380893373.15:
    [COORDINATOR]: node0
    [MEMBERS]: [node0, node1]
 1380893378.53:
    [COORDINATOR]: node0
    [MEMBERS]: [node0, node1]
 1380893384.04:
    [COORDINATOR]: node0
    [MEMBERS]: [node0, node1]
 1380893389.44:
    [COORDINATOR]: node0
    [MEMBERS]: [node0, node1]
 1380893394.82:
    [COORDINATOR]: node0
    [MEMBERS]: [node0, node1]
 1380893400.19:
    [COORDINATOR]: node0
    [MEMBERS]: [node0, node1]
 1380893405.57:
    [COORDINATOR]: node0
    [MEMBERS]: [node0, node1]
 1380893410.94:
    [COORDINATOR]: node0
    [MEMBERS]: [node0, node1]
 1380893416.43:
    [COORDINATOR]: node0
    [MEMBERS]: [node0, node1]
 1380893421.81:
    [COORDINATOR]: node0
    [MEMBERS]: [node0, node1]
 1380893427.19:
    [COORDINATOR]: node0
    [MEMBERS]: [node0, node1]
 1380893432.6:
    [COORDINATOR]: node0
    [MEMBERS]: [node0, node1]
 1380893437.97:
    [COORDINATOR]: node0
    [MEMBERS]: [node0, node1]
 1380893443.35:
    [COORDINATOR]: node0
    [MEMBERS]: [node0, node1]
 1380893448.88:
    [COORDINATOR]: node0
    [MEMBERS]: [node0, node1]
 1380893454.25:
    [COORDINATOR]: node0
    [MEMBERS]: [node0, node1]
 1380893459.61:
    [COORDINATOR]: node0
    [MEMBERS]: [node0, node1]
 1380893465.01:
    [COORDINATOR]: node0
    [MEMBERS]: [node0, node1]
 1380893470.39:
    [COORDINATOR]: node0
    [MEMBERS]: [node0, node1]
 1380893475.76:
    [COORDINATOR]: node0
    [MEMBERS]: [node0, node1]
 1380893481.26:
    [COORDINATOR]: node0
    [MEMBERS]: [node0, node1]
 1380893486.67:
    [COORDINATOR]: node0
    [MEMBERS]: [node0, node1]
 1380893492.03:
    [COORDINATOR]: node0
    [MEMBERS]: [node0, node1]
 1380893497.44:
    [COORDINATOR]: node0
    [MEMBERS]: [node0, node1]
 1380893502.84:
    [COORDINATOR]: node0
    [MEMBERS]: [node0, node1]
 1380893508.2:
    [COORDINATOR]: node0
    [MEMBERS]: [node0, node1]
 1380893513.72:
    [COORDINATOR]: node0
    [MEMBERS]: [node0, node1]
 1380893519.1:
    [COORDINATOR]: node0
    [MEMBERS]: [node0, node1]
 1380893524.48:
    [COORDINATOR]: node0
    [MEMBERS]: [node0, node1]
 1380893529.89:
    [COORDINATOR]: node0
    [MEMBERS]: [node0, node1]
 1380893535.28:
    [COORDINATOR]: node0
    [MEMBERS]: [node0, node1]
 1380893540.65:
    [COORDINATOR]: node0
    [MEMBERS]: [node0, node1]
 1380893546.17:
    [COORDINATOR]: node0
    [MEMBERS]: [node0, node1]
 1380893551.54:
    [COORDINATOR]: node0
    [MEMBERS]: [node0, node1]
 1380893556.93:
    [COORDINATOR]: node0
    [MEMBERS]: [node0, node1]
 1380893562.31:
    [COORDINATOR]: node0
    [MEMBERS]: [node0, node1]
 1380893567.68:
    [COORDINATOR]: node0
    [MEMBERS]: [node0, node1]
 1380893573.1:
    [COORDINATOR]: node0
    [MEMBERS]: [node0, node1]
 1380893578.6:
    [COORDINATOR]: node0
    [MEMBERS]: [node0, node1]
 1380893583.96:
    [COORDINATOR]: node0
    [MEMBERS]: [node0, node1]
 1380893589.33:
    [COORDINATOR]: node0
    [MEMBERS]: [node0, node1]
 1380893594.71:
    [COORDINATOR]: node0
    [MEMBERS]: [node0, node1]
 1380893600.08:
    [COORDINATOR]: node0
    [MEMBERS]: [node0, node1]
 1380893605.45:
    [COORDINATOR]: node0
    [MEMBERS]: [node0, node1]
 1380893610.93:
    [COORDINATOR]: node0
    [MEMBERS]: [node0, node1]
 1380893616.33:
    [COORDINATOR]: node0
    [MEMBERS]: [node0, node1]
 1380893621.7:
    [COORDINATOR]: node0
    [MEMBERS]: [node0, node1]
 1380893627.12:
    [COORDINATOR]: node0
    [MEMBERS]: [node0, node1]
 1380893632.5:
    [COORDINATOR]: node0
    [MEMBERS]: [node0, node1]
 1380893637.89:
    [COORDINATOR]: node0
    [MEMBERS]: [node0, node1]
 1380893643.37:
    [COORDINATOR]: node0
    [MEMBERS]: [node0, node1]
 1380893648.74:
    [COORDINATOR]: node0
    [MEMBERS]: [node0, node1]
 1380893654.12:
    [COORDINATOR]: node0
    [MEMBERS]: [node0, node1]
 1380893659.5:
    [COORDINATOR]: node0
    [MEMBERS]: [node0, node1]
 1380893664.86:
    [COORDINATOR]: node0
    [MEMBERS]: [node0, node1]
 1380893670.24:
    [COORDINATOR]: node0
    [MEMBERS]: [node0, node1]
 1380893675.72:
    [COORDINATOR]: node0
    [MEMBERS]: [node0, node1]
 1380893681.1:
    [COORDINATOR]: node0
    [MEMBERS]: [node0, node1]
 1380893686.5:
    [COORDINATOR]: node0
    [MEMBERS]: [node0, node1]
 1380893691.87:
    [COORDINATOR]: node0
    [MEMBERS]: [node0, node1]
 1380893697.26:
    [COORDINATOR]: node0
    [MEMBERS]: [node0, node1]
 1380893702.65:
    [COORDINATOR]: node0
    [MEMBERS]: [node0, node1]
 1380893708.17:
    [COORDINATOR]: node0
    [MEMBERS]: [node0, node1]
 1380893713.58:
    [COORDINATOR]: node0
    [MEMBERS]: [node0, node1]
 1380893718.96:
    [COORDINATOR]: node0
    [MEMBERS]: [node0, node1]
 1380893724.32:
    [COORDINATOR]: node0
    [MEMBERS]: [node0, node1]
 1380893729.69:
    [COORDINATOR]: node0
    [MEMBERS]: [node0, node1]
 1380893735.05:
    [COORDINATOR]: node0
    [MEMBERS]: [node0, node1]
 1380893740.53:
    [COORDINATOR]: node0
    [MEMBERS]: [node0, node1]
 1380893745.93:
    [COORDINATOR]: node0
    [MEMBERS]: [node0, node1]
 1380893751.3:
    [COORDINATOR]: node0
    [MEMBERS]: [node0, node1]
 1380893756.69:
    [COORDINATOR]: node0
    [MEMBERS]: [node0, node1]
 1380893762.07:
    [COORDINATOR]: node0
    [MEMBERS]: [node0, node1]
 1380893767.45:
    [COORDINATOR]: node0
    [MEMBERS]: [node0, node1]
 1380893772.96:
    [COORDINATOR]: node0
    [MEMBERS]: [node0, node1]
 1380893778.33:
    [COORDINATOR]: node0
    [MEMBERS]: [node0, node1]
 1380893783.71:
    [COORDINATOR]: node0
    [MEMBERS]: [node0, node1]
 1380893789.08:
    [COORDINATOR]: node0
    [MEMBERS]: [node0, node1]
 1380893794.45:
    [COORDINATOR]: node0
    [MEMBERS]: [node0, node1]
 1380893799.83:
    [COORDINATOR]: node0
    [MEMBERS]: [node0, node1]
 1380893805.34:
    [COORDINATOR]: node0
    [MEMBERS]: [node0, node1]
 1380893810.72:
    [COORDINATOR]: node0
    [MEMBERS]: [node0, node1]
 1380893816.11:
    [COORDINATOR]: node0
    [MEMBERS]: [node0, node1]
 1380893821.47:
    [COORDINATOR]: node0
    [MEMBERS]: [node0, node1]
 1380893826.87:
    [COORDINATOR]: node0
    [MEMBERS]: [node0, node1]
 1380893832.24:
    [COORDINATOR]: node0
    [MEMBERS]: [node0, node1]
 1380893837.77:
    [COORDINATOR]: node0
    [MEMBERS]: [node0, node1]
 1380893843.15:
    [COORDINATOR]: node0
    [MEMBERS]: [node0, node1]
 1380893848.55:
    [COORDINATOR]: node0
    [MEMBERS]: [node0, node1]
 1380893853.93:
    [COORDINATOR]: node0
    [MEMBERS]: [node0, node1]
 1380893859.32:
    [COORDINATOR]: node0
    [MEMBERS]: [node0, node1]
 1380893864.7:
    [COORDINATOR]: node0
    [MEMBERS]: [node0, node1]
 1380893870.22:
    [COORDINATOR]: node0
    [MEMBERS]: [node0, node1]
 1380893875.6:
    [COORDINATOR]: node0
    [MEMBERS]: [node0, node1]
 1380893881.01:
    [COORDINATOR]: node0
    [MEMBERS]: [node0, node1]
 1380893886.38:
    [COORDINATOR]: node0
    [MEMBERS]: [node0, node1]
 1380893891.77:
    [COORDINATOR]: node0
    [MEMBERS]: [node0, node1]
 1380893897.18:
    [COORDINATOR]: node0
    [MEMBERS]: [node0, node1]
 1380893902.69:
    [COORDINATOR]: node0
    [MEMBERS]: [node0, node1]
 1380893908.08:
    [COORDINATOR]: node0
    [MEMBERS]: [node0, node1]
 1380893913.46:
    [COORDINATOR]: node0
    [MEMBERS]: [node0, node1]
 1380893918.85:
    [COORDINATOR]: node0
    [MEMBERS]: [node0, node1]
 1380893924.21:
    [COORDINATOR]: node0
    [MEMBERS]: [node0, node1]
 1380893929.58:
    [COORDINATOR]: node0
    [MEMBERS]: [node0, node1]
 1380893935.08:
    [COORDINATOR]: node0
    [MEMBERS]: [node0, node1]
 1380893940.47:
    [COORDINATOR]: node0
    [MEMBERS]: [node0, node1]
 1380893945.83:
    [COORDINATOR]: node0
    [MEMBERS]: [node0, node1]
 1380893951.2:
    [COORDINATOR]: node0
    [MEMBERS]: [node0, node1]
 1380893956.59:
    [COORDINATOR]: node0
    [MEMBERS]: [node0, node1]
 1380893961.94:
    [COORDINATOR]: node0
    [MEMBERS]: [node0, node1]
 1380893967.42:
    [COORDINATOR]: node0
    [MEMBERS]: [node0, node1]
 1380893972.79:
    [COORDINATOR]: node0
    [MEMBERS]: [node0, node1]
 1380893978.2:
    [COORDINATOR]: node0
    [MEMBERS]: [node0, node1]
 1380893983.58:
    [COORDINATOR]: node0
    [MEMBERS]: [node0, node1]
 1380893988.95:
    [COORDINATOR]: node0
    [MEMBERS]: [node0, node1]
 1380893994.37:
    [COORDINATOR]: node0
    [MEMBERS]: [node0, node1]
 1380893999.94:
    [COORDINATOR]: node0
    [MEMBERS]: [node0, node1]
 1380894005.31:
    [COORDINATOR]: node0
    [MEMBERS]: [node0, node1]
 1380894010.67:
    [COORDINATOR]: node0
    [MEMBERS]: [node0, node1]
 1380894016.05:
    [COORDINATOR]: node0
    [MEMBERS]: [node0, node1]
 1380894021.45:
    [COORDINATOR]: node0
    [MEMBERS]: [node0, node1]
 1380894026.84:
    [COORDINATOR]: node0
    [MEMBERS]: [node0, node1]
 1380894032.33:
    [COORDINATOR]: node0
    [MEMBERS]: [node0, node1]
 1380894037.71:
    [COORDINATOR]: node0
    [MEMBERS]: [node0, node1]
 1380894043.09:
    [COORDINATOR]: node0
    [MEMBERS]: [node0, node1]
 1380894048.49:
    [COORDINATOR]: node0
    [MEMBERS]: [node0, node1]
 1380894053.89:
    [COORDINATOR]: node0
    [MEMBERS]: [node0, node1]
 1380894059.25:
    [COORDINATOR]: node0
    [MEMBERS]: [node0, node1]
 1380894064.73:
    [COORDINATOR]: node0
    [MEMBERS]: [node0, node1]
 1380894070.13:
    [COORDINATOR]: node0
    [MEMBERS]: [node0, node1]
 1380894075.52:
    [COORDINATOR]: node0
    [MEMBERS]: [node0, node1]
 1380894080.93:
    [COORDINATOR]: node0
    [MEMBERS]: [node0, node1]
 1380894086.32:
    [COORDINATOR]: node0
    [MEMBERS]: [node0, node1]
 1380894091.7:
    [COORDINATOR]: node0
    [MEMBERS]: [node0, node1]
 1380894097.21:
    [COORDINATOR]: node0
    [MEMBERS]: [node0, node1]
 1380894102.59:
    [COORDINATOR]: node0
    [MEMBERS]: [node0, node1]
 1380894107.98:
    [COORDINATOR]: node0
    [MEMBERS]: [node0, node1]
 1380894113.35:
    [COORDINATOR]: node0
    [MEMBERS]: [node0, node1]
 1380894118.75:
    [COORDINATOR]: node0
    [MEMBERS]: [node0, node1]
 1380894124.12:
    [COORDINATOR]: node0
    [MEMBERS]: [node0, node1]
 1380894129.63:
    [COORDINATOR]: node0
    [MEMBERS]: [node0, node1]
 1380894135.01:
    [COORDINATOR]: node0
    [MEMBERS]: [node0, node1]
 1380894140.38:
    [COORDINATOR]: node0
    [MEMBERS]: [node0, node1]
 1380894145.75:
    [COORDINATOR]: node0
    [MEMBERS]: [node0, node1]
 1380894151.15:
    [COORDINATOR]: node0
    [MEMBERS]: [node0, node1]
 1380894156.54:
    [COORDINATOR]: node0
    [MEMBERS]: [node0, node1]
 1380894162.05:
    [COORDINATOR]: node0
    [MEMBERS]: [node0, node1]
 1380894167.45:
    [COORDINATOR]: node0
    [MEMBERS]: [node0, node1]
 1380894172.82:
    [COORDINATOR]: node0
    [MEMBERS]: [node0, node1]
 1380894178.19:
    [COORDINATOR]: node0
    [MEMBERS]: [node0, node1]
 1380894183.57:
    [COORDINATOR]: node0
    [MEMBERS]: [node0, node1]
 1380894188.97:
    [COORDINATOR]: node0
    [MEMBERS]: [node0, node1]
 1380894194.47:
    [COORDINATOR]: node0
    [MEMBERS]: [node0, node1]
 1380894199.84:
    [COORDINATOR]: node0
    [MEMBERS]: [node0, node1]
 1380894205.22:
    [COORDINATOR]: node0
    [MEMBERS]: [node0, node1]
 1380894210.63:
    [COORDINATOR]: node0
    [MEMBERS]: [node0, node1]
 1380894216.02:
    [COORDINATOR]: node0
    [MEMBERS]: [node0, node1]
 1380894221.41:
    [COORDINATOR]: node0
    [MEMBERS]: [node0, node1]
 1380894226.88:
    [COORDINATOR]: node0
    [MEMBERS]: [node0, node1]
 1380894232.27:
    [COORDINATOR]: node0
    [MEMBERS]: [node0, node1]
 1380894237.69:
    [COORDINATOR]: node0
    [MEMBERS]: [node0, node1]
 1380894243.07:
    [COORDINATOR]: node0
    [MEMBERS]: [node0, node1]
 1380894248.43:
    [COORDINATOR]: node0
    [MEMBERS]: [node0, node1]
 1380894253.8:
    [COORDINATOR]: node0
    [MEMBERS]: [node0, node1]
 1380894259.29:
    [COORDINATOR]: node0
    [MEMBERS]: [node0, node1]
 1380894264.68:
    [COORDINATOR]: node0
    [MEMBERS]: [node0, node1]
 1380894270.06:
    [COORDINATOR]: node0
    [MEMBERS]: [node0, node1]
 1380894275.44:
    [COORDINATOR]: node0
    [MEMBERS]: [node0, node1]
 1380894280.81:
    [COORDINATOR]: node0
    [MEMBERS]: [node0, node1]
 1380894286.17:
    [COORDINATOR]: node0
    [MEMBERS]: [node0, node1]
 1380894291.66:
    [COORDINATOR]: node0
    [MEMBERS]: [node0, node1]
 1380894297.08:
    [COORDINATOR]: node0
    [MEMBERS]: [node0, node1]
 1380894302.46:
    [COORDINATOR]: node0
    [MEMBERS]: [node0, node1]
 1380894307.88:
    [COORDINATOR]: node0
    [MEMBERS]: [node0, node1]
 1380894313.3:
    [COORDINATOR]: node0
    [MEMBERS]: [node0, node1]
 1380894318.67:
    [COORDINATOR]: node0
    [MEMBERS]: [node0, node1]
 1380894324.19:
    [COORDINATOR]: node0
    [MEMBERS]: [node0, node1]
 1380894329.56:
    [COORDINATOR]: node0
    [MEMBERS]: [node0, node1]
 1380894334.93:
    [COORDINATOR]: node0
    [MEMBERS]: [node0, node1]
 1380894340.29:
    [COORDINATOR]: node0
    [MEMBERS]: [node0, node1]
 1380894345.65:
    [COORDINATOR]: node0
    [MEMBERS]: [node0, node1]
 1380894351.0:
    [COORDINATOR]: node0
    [MEMBERS]: [node0, node1]
 1380894356.52:
    [COORDINATOR]: node0
    [MEMBERS]: [node0, node1]
 1380894361.91:
    [COORDINATOR]: node0
    [MEMBERS]: [node0, node1]
 1380894367.28:
    [COORDINATOR]: node0
    [MEMBERS]: [node0, node1]
 1380894372.66:
    [COORDINATOR]: node0
    [MEMBERS]: [node0, node1]
 1380894378.04:
    [COORDINATOR]: node0
    [MEMBERS]: [node0, node1]
 1380894383.42:
    [COORDINATOR]: node0
    [MEMBERS]: [node0, node1]
 1380894388.97:
    [COORDINATOR]: node0
    [MEMBERS]: [node0, node1]
 1380894394.37:
    [COORDINATOR]: node0
    [MEMBERS]: [node0, node1]
 1380894399.74:
    [COORDINATOR]: node0
    [MEMBERS]: [node0, node1]
 1380894405.15:
    [COORDINATOR]: node0
    [MEMBERS]: [node0, node1]
 1380894410.51:
    [COORDINATOR]: node0
    [MEMBERS]: [node0, node1]
 1380894415.88:
    [COORDINATOR]: node0
    [MEMBERS]: [node0, node1]
 1380894426.39:
    [COORDINATOR]: node0
    [MEMBERS]: [node0, node1]
 1380894431.78:
    [COORDINATOR]: node0
    [MEMBERS]: [node0, node1]
 1380894437.15:
    [COORDINATOR]: node0
    [MEMBERS]: [node0, node1]
 1380894442.53:
    [COORDINATOR]: node0
    [MEMBERS]: [node0, node1]
 1380894447.89:
    [COORDINATOR]: node0
    [MEMBERS]: [node0, node1]
 1380894453.39:
    [COORDINATOR]: node0
    [MEMBERS]: [node0, node1]
 1380894458.79:
    [COORDINATOR]: node0
    [MEMBERS]: [node0, node1]
 1380894464.16:
    [COORDINATOR]: node0
    [MEMBERS]: [node0, node1]
 1380894469.53:
    [COORDINATOR]: node0
    [MEMBERS]: [node0, node1]
 1380894474.93:
    [COORDINATOR]: node0
    [MEMBERS]: [node0, node1]
 1380894480.32:
    [COORDINATOR]: node0
    [MEMBERS]: [node0, node1]
 1380894485.8:
    [COORDINATOR]: node0
    [MEMBERS]: [node0, node1]
 1380894491.2:
    [COORDINATOR]: node0
    [MEMBERS]: [node0, node1]
 1380894496.57:
    [COORDINATOR]: node0
    [MEMBERS]: [node0, node1]
 1380894501.95:
    [COORDINATOR]: node0
    [MEMBERS]: [node0, node1]
 1380894507.35:
    [COORDINATOR]: node0
    [MEMBERS]: [node0, node1]
 1380894512.73:
    [COORDINATOR]: node0
    [MEMBERS]: [node0, node1]
 1380894518.22:
    [COORDINATOR]: node0
    [MEMBERS]: [node0, node1]
 1380894523.62:
    [COORDINATOR]: node0
    [MEMBERS]: [node0, node1]
 1380894529.02:
    [COORDINATOR]: node0
    [MEMBERS]: [node0, node1]
 1380894534.4:
    [COORDINATOR]: node0
    [MEMBERS]: [node0, node1]
 1380894539.77:
    [COORDINATOR]: node0
    [MEMBERS]: [node0, node1]
 1380894545.13:
    [COORDINATOR]: node0
    [MEMBERS]: [node0, node1]
 1380894550.67:
    [COORDINATOR]: node0
    [MEMBERS]: [node0, node1]
 1380894556.05:
    [COORDINATOR]: node0
    [MEMBERS]: [node0, node1]
 1380894561.42:
    [COORDINATOR]: node0
    [MEMBERS]: [node0, node1]
 1380894566.81:
    [COORDINATOR]: node0
    [MEMBERS]: [node0, node1]
 1380894572.21:
    [COORDINATOR]: node0
    [MEMBERS]: [node0, node1]
 1380894577.59:
    [COORDINATOR]: node0
    [MEMBERS]: [node0, node1]
 1380894583.06:
    [COORDINATOR]: node0
    [MEMBERS]: [node0, node1]
 1380894588.43:
    [COORDINATOR]: node0
    [MEMBERS]: [node0, node1]
 1380894593.83:
    [COORDINATOR]: node0
    [MEMBERS]: [node0, node1]
 1380894599.2:
    [COORDINATOR]: node0
    [MEMBERS]: [node0, node1]
 1380894604.6:
    [COORDINATOR]: node0
    [MEMBERS]: [node0, node1]
 1380894609.98:
    [COORDINATOR]: node0
    [MEMBERS]: [node0, node1]
 1380894615.47:
    [COORDINATOR]: node0
    [MEMBERS]: [node0, node1]
 1380894620.85:
    [COORDINATOR]: node0
    [MEMBERS]: [node0, node1]
 1380894626.22:
    [COORDINATOR]: node0
    [MEMBERS]: [node0, node1]
 1380894631.6:
    [COORDINATOR]: node0
    [MEMBERS]: [node0, node1]
 1380894637.02:
    [COORDINATOR]: node0
    [MEMBERS]: [node0, node1]
 1380894642.38:
    [COORDINATOR]: node0
    [MEMBERS]: [node0, node1]
 1380894647.88:
    [COORDINATOR]: node0
    [MEMBERS]: [node0, node1]
 1380894653.23:
    [COORDINATOR]: node0
    [MEMBERS]: [node0, node1]
 1380894658.62:
    [COORDINATOR]: node0
    [MEMBERS]: [node0, node1]
 1380894664.02:
    [COORDINATOR]: node0
    [MEMBERS]: [node0, node1]
 1380894669.42:
    [COORDINATOR]: node0
    [MEMBERS]: [node0, node1]
 1380894674.81:
    [COORDINATOR]: node0
    [MEMBERS]: [node0, node1]
 1380894680.36:
    [COORDINATOR]: node0
    [MEMBERS]: [node0, node1]
 1380894685.73:
    [COORDINATOR]: node0
    [MEMBERS]: [node0, node1]
 1380894691.09:
    [COORDINATOR]: node0
    [MEMBERS]: [node0, node1]
 1380894696.45:
    [COORDINATOR]: node0
    [MEMBERS]: [node0, node1]
 1380894701.82:
    [COORDINATOR]: node0
    [MEMBERS]: [node0, node1]
 1380894707.21:
    [COORDINATOR]: node0
    [MEMBERS]: [node0, node1]
 1380894712.74:
    [COORDINATOR]: node0
    [MEMBERS]: [node0, node1]
 1380894718.1:
    [COORDINATOR]: node0
    [MEMBERS]: [node0, node1]
 1380894723.45:
    [COORDINATOR]: node0
    [MEMBERS]: [node0, node1]
 1380894728.85:
    [COORDINATOR]: node0
    [MEMBERS]: [node0, node1]
 1380894734.22:
    [COORDINATOR]: node0
    [MEMBERS]: [node0, node1]
 1380894739.61:
    [COORDINATOR]: node0
    [MEMBERS]: [node0, node1]
 1380894745.11:
    [COORDINATOR]: node0
    [MEMBERS]: [node0, node1]
 1380894750.51:
    [COORDINATOR]: node0
    [MEMBERS]: [node0, node1]
 1380894755.88:
    [COORDINATOR]: node0
    [MEMBERS]: [node0, node1]
 1380894761.25:
    [COORDINATOR]: node0
    [MEMBERS]: [node0, node1]
 1380894766.62:
    [COORDINATOR]: node0
    [MEMBERS]: [node0, node1]
 1380894771.97:
    [COORDINATOR]: node0
    [MEMBERS]: [node0, node1]
 1380894777.46:
    [COORDINATOR]: node0
    [MEMBERS]: [node0, node1]
 1380894782.84:
    [COORDINATOR]: node0
    [MEMBERS]: [node0, node1]
 1380894788.23:
    [COORDINATOR]: node0
    [MEMBERS]: [node0, node1]
 1380894793.64:
    [COORDINATOR]: node0
    [MEMBERS]: [node0, node1]
 1380894799.06:
    [COORDINATOR]: node0
    [MEMBERS]: [node0, node1]
 1380894804.44:
    [COORDINATOR]: node0
    [MEMBERS]: [node0, node1]
 1380894809.94:
    [COORDINATOR]: node0
    [MEMBERS]: [node0, node1]
 1380894815.31:
    [COORDINATOR]: node0
    [MEMBERS]: [node0, node1]
 1380894820.68:
    [COORDINATOR]: node0
    [MEMBERS]: [node0, node1]
 1380894826.05:
    [COORDINATOR]: node0
    [MEMBERS]: [node0, node1]
 1380894831.44:
    [COORDINATOR]: node0
    [MEMBERS]: [node0, node1]
 1380894836.84:
    [COORDINATOR]: node0
    [MEMBERS]: [node0, node1]
 1380894842.37:
    [COORDINATOR]: node0
    [MEMBERS]: [node0, node1]
 1380894847.77:
    [COORDINATOR]: node0
    [MEMBERS]: [node0, node1]
 1380894853.14:
    [COORDINATOR]: node0
    [MEMBERS]: [node0, node1]
 1380894858.52:
    [COORDINATOR]: node0
    [MEMBERS]: [node0, node1]
 1380894863.92:
    [COORDINATOR]: node0
    [MEMBERS]: [node0, node1]
 1380894869.27:
    [COORDINATOR]: node0
    [MEMBERS]: [node0, node1]
 1380894874.76:
    [COORDINATOR]: node0
    [MEMBERS]: [node0, node1]
 1380894880.12:
    [COORDINATOR]: node0
    [MEMBERS]: [node0, node1]
 1380894885.53:
    [COORDINATOR]: node0
    [MEMBERS]: [node0, node1]
 1380894890.88:
    [COORDINATOR]: node0
    [MEMBERS]: [node0, node1]
 1380894896.28:
    [COORDINATOR]: node0
    [MEMBERS]: [node0, node1]
 1380894901.66:
    [COORDINATOR]: node0
    [MEMBERS]: [node0, node1]
 1380894907.18:
    [COORDINATOR]: node0
    [MEMBERS]: [node0, node1]
 1380894912.58:
    [COORDINATOR]: node0
    [MEMBERS]: [node0, node1]
 1380894917.95:
    [COORDINATOR]: node0
    [MEMBERS]: [node0, node1]
 1380894923.32:
    [COORDINATOR]: node0
    [MEMBERS]: [node0, node1]
 1380894928.7:
    [COORDINATOR]: node0
    [MEMBERS]: [node0, node1]
 1380894934.1:
    [COORDINATOR]: node0
    [MEMBERS]: [node0, node1]
 1380894939.6:
    [COORDINATOR]: node0
    [MEMBERS]: [node0, node1]
 1380894945.0:
    [COORDINATOR]: node0
    [MEMBERS]: [node0, node1]
 1380894950.41:
    [COORDINATOR]: node0
    [MEMBERS]: [node0, node1]
 1380894955.8:
    [COORDINATOR]: node0
    [MEMBERS]: [node0, node1]
 1380894961.18:
    [COORDINATOR]: node0
    [MEMBERS]: [node0, node1]
 1380894966.58:
    [COORDINATOR]: node0
    [MEMBERS]: [node0, node1]
 1380894972.09:
    [COORDINATOR]: node0
    [MEMBERS]: [node0, node1]
 1380894977.48:
    [COORDINATOR]: node0
    [MEMBERS]: [node0, node1]
 1380894982.87:
    [COORDINATOR]: node0
    [MEMBERS]: [node0, node1]
 1380894988.28:
    [COORDINATOR]: node0
    [MEMBERS]: [node0, node1]
 1380894993.68:
    [COORDINATOR]: node0
    [MEMBERS]: [node0, node1]
 1380894999.05:
    [COORDINATOR]: node0
    [MEMBERS]: [node0, node1]
 1380895004.53:
    [COORDINATOR]: node0
    [MEMBERS]: [node0, node1]
 1380895009.93:
    [COORDINATOR]: node0
    [MEMBERS]: [node0, node1]
 1380895015.3:
    [COORDINATOR]: node0
    [MEMBERS]: [node0, node1]
 1380895020.69:
    [COORDINATOR]: node0
    [MEMBERS]: [node0, node1]
 1380895026.1:
    [COORDINATOR]: node0
    [MEMBERS]: [node0, node1]
 1380895031.49:
    [COORDINATOR]: node0
    [MEMBERS]: [node0, node1]
 1380895036.98:
    [COORDINATOR]: node0
    [MEMBERS]: [node0, node1]
 1380895042.34:
    [COORDINATOR]: node0
    [MEMBERS]: [node0, node1]
 1380895047.71:
    [COORDINATOR]: node0
    [MEMBERS]: [node0, node1]
 1380895053.09:
    [COORDINATOR]: node0
    [MEMBERS]: [node0, node1]
 1380895058.48:
    [COORDINATOR]: node0
    [MEMBERS]: [node0, node1]
 1380895063.88:
    [COORDINATOR]: node0
    [MEMBERS]: [node0, node1]
 1380895069.39:
    [COORDINATOR]: node0
    [MEMBERS]: [node0, node1]
 1380895074.75:
    [COORDINATOR]: node0
    [MEMBERS]: [node0, node1]
 1380895080.12:
    [COORDINATOR]: node0
    [MEMBERS]: [node0, node1]
 1380895085.49:
    [COORDINATOR]: node0
    [MEMBERS]: [node0, node1]
 1380895090.89:
    [COORDINATOR]: node0
    [MEMBERS]: [node0, node1]
 1380895096.31:
    [COORDINATOR]: node0
    [MEMBERS]: [node0, node1]
 1380895101.8:
    [COORDINATOR]: node0
    [MEMBERS]: [node0, node1]
 1380895107.19:
    [COORDINATOR]: node0
    [MEMBERS]: [node0, node1]
 1380895112.57:
    [COORDINATOR]: node0
    [MEMBERS]: [node0, node1]
 1380895117.95:
    [COORDINATOR]: node0
    [MEMBERS]: [node0, node1]
 1380895123.32:
    [COORDINATOR]: node0
    [MEMBERS]: [node0, node1]
 1380895128.71:
    [COORDINATOR]: node0
    [MEMBERS]: [node0, node1]
 1380895134.18:
    [COORDINATOR]: node0
    [MEMBERS]: [node0, node1]
 1380895139.58:
    [COORDINATOR]: node0
    [MEMBERS]: [node0, node1]
 1380895144.94:
    [COORDINATOR]: node0
    [MEMBERS]: [node0, node1]
 1380895150.34:
    [COORDINATOR]: node0
    [MEMBERS]: [node0, node1]
 1380895155.72:
    [COORDINATOR]: node0
    [MEMBERS]: [node0, node1]
 1380895161.08:
    [COORDINATOR]: node0
    [MEMBERS]: [node0, node1]
 1380895166.57:
    [COORDINATOR]: node0
    [MEMBERS]: [node0, node1]
 1380895171.98:
    [COORDINATOR]: node0
    [MEMBERS]: [node0, node1]
 1380895177.36:
    [COORDINATOR]: node0
    [MEMBERS]: [node0, node1]
 1380895182.71:
    [COORDINATOR]: node0
    [MEMBERS]: [node0, node1]
 1380895188.09:
    [COORDINATOR]: node0
    [MEMBERS]: [node0, node1]
 1380895193.49:
    [COORDINATOR]: node0
    [MEMBERS]: [node0, node1]
 1380895199.01:
    [COORDINATOR]: node0
    [MEMBERS]: [node0, node1]
 1380895204.37:
    [COORDINATOR]: node0
    [MEMBERS]: [node0, node1]
 1380895209.73:
    [COORDINATOR]: node0
    [MEMBERS]: [node0, node1]
 1380895215.1:
    [COORDINATOR]: node0
    [MEMBERS]: [node0, node1]
 1380895220.48:
    [COORDINATOR]: node0
    [MEMBERS]: [node0, node1]
 1380895225.88:
    [COORDINATOR]: node0
    [MEMBERS]: [node0, node1]
 1380895231.36:
    [COORDINATOR]: node0
    [MEMBERS]: [node0, node1]
 1380895236.73:
    [COORDINATOR]: node0
    [MEMBERS]: [node0, node1]
 1380895242.1:
    [COORDINATOR]: node0
    [MEMBERS]: [node0, node1]
 1380895247.66:
    [COORDINATOR]: node0
    [MEMBERS]: [node0, node1]
 1380895253.04:
    [COORDINATOR]: node0
    [MEMBERS]: [node0, node1]
 1380895258.4:
    [COORDINATOR]: node0
    [MEMBERS]: [node0, node1]
 1380895263.92:
    [COORDINATOR]: node0
    [MEMBERS]: [node0, node1]
 1380895269.31:
    [COORDINATOR]: node0
    [MEMBERS]: [node0, node1]
 1380895274.67:
    [COORDINATOR]: node0
    [MEMBERS]: [node0, node1]
 1380895280.04:
    [COORDINATOR]: node0
    [MEMBERS]: [node0, node1]
 1380895285.42:
    [COORDINATOR]: node0
    [MEMBERS]: [node0, node1]
 1380895290.79:
    [COORDINATOR]: node0
    [MEMBERS]: [node0, node1]
 1380895296.29:
    [COORDINATOR]: node0
    [MEMBERS]: [node0, node1]
 1380895301.69:
    [COORDINATOR]: node0
    [MEMBERS]: [node0, node1]
 1380895307.09:
    [COORDINATOR]: node0
    [MEMBERS]: [node0, node1]
 1380895312.46:
    [COORDINATOR]: node0
    [MEMBERS]: [node0, node1]
 1380895317.85:
    [COORDINATOR]: node0
    [MEMBERS]: [node0, node1]
 1380895323.25:
    [COORDINATOR]: node0
    [MEMBERS]: [node0, node1]
 1380895328.75:
    [COORDINATOR]: node0
    [MEMBERS]: [node0, node1]
 1380895334.13:
    [COORDINATOR]: node0
    [MEMBERS]: [node0, node1]
 1380895339.48:
    [COORDINATOR]: node0
    [MEMBERS]: [node0, node1]
 