[1, 0, 0.91302959919]
[0, 1, 0.129350590706]
[1, 0, 0.83471632719]
[0, 1, 0.119335103035]
[1, 0, 0.76309559989]
[0, 1, 0.11720199585]
[1, 0, 0.6985743366]
[0, 1, 0.131069421768]
[1, 0, 0.642880993097]
[0, 1, 0.127787590027]
[1, 0, 0.590373179622]
[0, 1, 0.12855219841]
[1, 0, 0.543103773571]
[0, 1, 0.118756484985]
[1, 0, 0.501707290867]
[1, 0, 0.463304569059]
[0, 1, 0.116767215729]
[1, 0, 0.430157729745]
[0, 1, 0.130572605133]
[1, 0, 0.401236047232]
[0, 1, 0.140937423706]
[1, 0, 0.374398627774]
[0, 1, 0.129942536354]
[0, 1, 0.119242811203]
[1, 0, 0.351248072591]
[0, 1, 0.12966799736]
[1, 0, 0.329211062496]
[0, 1, 0.118612480164]
[1, 0, 0.309279763376]
[0, 1, 0.118583726883]
[1, 0, 0.290040877767]
[0, 1, 0.119277071953]
[1, 0, 0.273931205846]
[0, 1, 0.130984783173]
[1, 0, 0.259499592105]
[0, 1, 0.129450368881]
[1, 0, 0.246637835371]
[0, 1, 0.131060862541]
[1, 0, 0.233756364227]
[0, 1, 0.129083895683]
[1, 0, 0.22197893337]
[0, 1, 0.116402077675]
[1, 0, 0.211769441446]
[0, 1, 0.139495062828]
[1, 0, 0.202283304644]
[0, 1, 0.140610718727]
[1, 0, 0.196342660528]
[0, 1, 0.128278326988]
[1, 0, 0.18979759831]
[0, 1, 0.129546713829]
[1, 0, 0.182605539132]
[1, 0, 0.177333790989]
[0, 1, 0.128844833374]
[1, 0, 0.173687016009]
[0, 1, 0.116992759705]
[1, 0, 0.169303210114]
[0, 1, 0.1203373909]
[1, 0, 0.164060072483]
[0, 1, 0.116500854492]
[1, 0, 0.159543260677]
[0, 1, 0.128488397598]
[1, 0, 0.156578431794]
[0, 1, 0.139240312576]
[1, 0, 0.152691981437]
[0, 1, 0.130465579033]
[1, 0, 0.150410683073]
[0, 1, 0.119047474861]
[1, 0, 0.147160104916]
[0, 1, 0.128527855873]
[1, 0, 0.146633600002]
[0, 1, 0.141565489769]
[1, 0, 0.145159555798]
[0, 1, 0.118371939659]
[1, 0, 0.142418307058]
[0, 1, 0.116681528091]
[1, 0, 0.140055682056]
[0, 1, 0.119454789162]
[1, 0, 0.138997530156]
[0, 1, 0.130011630058]
[1, 0, 0.13798787762]
[0, 1, 0.140705728531]
[1, 0, 0.13826689633]
[1, 0, 0.136155404261]
[0, 1, 0.130472660065]
[1, 0, 0.135528264294]
[0, 1, 0.133260560036]
[1, 0, 0.134963242277]
[0, 1, 0.129842877388]
[1, 0, 0.13324970728]
[0, 1, 0.141161632538]
[1, 0, 0.13289015346]
[0, 1, 0.118913340569]
[1, 0, 0.131269128799]
[0, 1, 0.118415665627]
[1, 0, 0.129803220939]
[0, 1, 0.138972234726]
[1, 0, 0.129910290698]
[0, 1, 0.127512860298]
[1, 0, 0.128783256227]
[0, 1, 0.120334506035]
[1, 0, 0.127693227304]
[0, 1, 0.118350315094]
[1, 0, 0.127906988298]
[0, 1, 0.132274961472]
[1, 0, 0.128083494516]
[0, 1, 0.117901301384]
[1, 0, 0.128164935599]
[0, 1, 0.139083147049]
[1, 0, 0.128437431297]
[0, 1, 0.118261098862]
[1, 0, 0.128493683018]
[0, 1, 0.117503476143]
[1, 0, 0.12976422591]
[0, 1, 0.127468013763]
[1, 0, 0.129976689961]
[1, 0, 0.128767818344]
[0, 1, 0.141165161133]
[1, 0, 0.127579745768]
[0, 1, 0.119821357727]
[1, 0, 0.126606277036]
[0, 1, 0.122716236115]
[1, 0, 0.128081868357]
[0, 1, 0.11728386879]
[1, 0, 0.127060070872]
[0, 1, 0.12949962616]
[1, 0, 0.127408363139]
[0, 1, 0.11768450737]
[1, 0, 0.12635053788]
[0, 1, 0.119184756279]
[1, 0, 0.126704981277]
[0, 1, 0.118457365036]
[1, 0, 0.125825187877]
[0, 1, 0.131295800209]
[1, 0, 0.126223845465]
[0, 1, 0.12807970047]
[1, 0, 0.125490251049]
[0, 1, 0.117305731773]
[1, 0, 0.125829132973]
[0, 1, 0.140254473686]
[1, 0, 0.125106399576]
[0, 1, 0.116792011261]
[1, 0, 0.124485265005]
[0, 1, 0.117961263657]
[1, 0, 0.125024042238]
[0, 1, 0.119068479538]
[1, 0, 0.126819242575]
[1, 0, 0.127037408536]
[0, 1, 0.127590727806]
[1, 0, 0.126120462344]
[0, 1, 0.119722771645]
[1, 0, 0.125297904902]
[0, 1, 0.11869995594]
[1, 0, 0.124753917063]
[0, 1, 0.128551101685]
[1, 0, 0.125359813694]
[0, 1, 0.131728172302]
[1, 0, 0.124590742878]
[0, 1, 0.119433879852]
[1, 0, 0.123919965289]
[0, 1, 0.142883777618]
[1, 0, 0.124437476512]
[0, 1, 0.132295894623]
[1, 0, 0.125063930735]
[0, 1, 0.116669940948]
[1, 0, 0.124241335497]
[0, 1, 0.129496908188]
[1, 0, 0.125981602048]
[0, 1, 0.119575786591]
[1, 0, 0.125172453799]
[0, 1, 0.128105092049]
[1, 0, 0.125731203864]
[0, 1, 0.129577350616]
[1, 0, 0.127241683522]
[0, 1, 0.116784620285]
[1, 0, 0.12861851977]
[0, 1, 0.129583406448]
[1, 0, 0.128943074883]
[1, 0, 0.130437066383]
[0, 1, 0.120520496368]
[1, 0, 0.130473169887]
[0, 1, 0.119255208969]
[1, 0, 0.129136067513]
[0, 1, 0.11803560257]
[1, 0, 0.129278762832]
[0, 1, 0.120935750008]
[1, 0, 0.12803499433]
[0, 1, 0.128606581688]
[1, 0, 0.12692089557]
[0, 1, 0.116183948517]
[1, 0, 0.126018795484]
[0, 1, 0.118541431427]
[1, 0, 0.126505332989]
[0, 1, 0.118402218819]
[1, 0, 0.128042278709]
[0, 1, 0.130301070213]
[1, 0, 0.128121737858]
[0, 1, 0.116987466812]
[1, 0, 0.128292767006]
[0, 1, 0.117864656448]
[1, 0, 0.128449792681]
[0, 1, 0.120792293549]
[1, 0, 0.127380593137]
[0, 1, 0.119850802422]
[1, 0, 0.127622923419]
[0, 1, 0.139184498787]
[1, 0, 0.126527525036]
[0, 1, 0.129240822792]
[1, 0, 0.126864484294]
[0, 1, 0.11817343235]
[1, 0, 0.127168129095]
[1, 0, 0.127456501313]
[0, 1, 0.117437982559]
[1, 0, 0.126316447724]
[0, 1, 0.120886278152]
[1, 0, 0.125575405064]
[0, 1, 0.11820306778]
[1, 0, 0.126006765696]
[0, 1, 0.129143214226]
[1, 0, 0.126395180999]
[0, 1, 0.139874649048]
[1, 0, 0.125544150334]
[0, 1, 0.14097700119]
[1, 0, 0.127373337443]
[0, 1, 0.130134296417]
[1, 0, 0.127493703093]
[0, 1, 0.128171229362]
[1, 0, 0.126823428624]
[0, 1, 0.13003218174]
[1, 0, 0.128726676124]
[0, 1, 0.139707183838]
[1, 0, 0.129954107121]
[0, 1, 0.128311777115]
[1, 0, 0.128647095724]
[0, 1, 0.117405509949]
[1, 0, 0.128769189207]
[0, 1, 0.140465688705]
[1, 0, 0.12879257508]
[0, 1, 0.116499304771]
[1, 0, 0.127601716887]
[0, 1, 0.117943501472]
[1, 0, 0.128030145739]
[1, 0, 0.126905040062]
[0, 1, 0.131812024117]
[0, 1, 0.127708721161]
